server//synchronous-concurrency/swift/input.txt:1:4: error: consecutive statements on a line must be separated by ';'
The Republic By Plato
   ^
   ;
server//synchronous-concurrency/swift/input.txt:1:13: error: consecutive statements on a line must be separated by ';'
The Republic By Plato
            ^
            ;
server//synchronous-concurrency/swift/input.txt:1:16: error: consecutive statements on a line must be separated by ';'
The Republic By Plato
               ^
               ;
server//synchronous-concurrency/swift/input.txt:4:8: error: consecutive statements on a line must be separated by ';'
PERSONS OF THE DIALOGUE.
       ^
       ;
server//synchronous-concurrency/swift/input.txt:4:11: error: consecutive statements on a line must be separated by ';'
PERSONS OF THE DIALOGUE.
          ^
          ;
server//synchronous-concurrency/swift/input.txt:4:24: error: expected member name following '.'
PERSONS OF THE DIALOGUE.
                       ^
server//synchronous-concurrency/swift/input.txt:4:15: error: consecutive statements on a line must be separated by ';'
PERSONS OF THE DIALOGUE.
              ^
              ;
server//synchronous-concurrency/swift/input.txt:1:1: error: use of unresolved identifier 'The'
The Republic By Plato
^~~
server//synchronous-concurrency/swift/input.txt:1:5: error: use of unresolved identifier 'Republic'
The Republic By Plato
    ^~~~~~~~
server//synchronous-concurrency/swift/input.txt:1:14: error: use of unresolved identifier 'By'
The Republic By Plato
             ^~
server//synchronous-concurrency/swift/input.txt:1:17: error: use of unresolved identifier 'Plato'
The Republic By Plato
                ^~~~~
server//synchronous-concurrency/swift/input.txt:2:1: error: use of unresolved operator '====================='
=====================
^~~~~~~~~~~~~~~~~~~~~
server//synchronous-concurrency/swift/input.txt:4:1: error: use of unresolved identifier 'PERSONS'
PERSONS OF THE DIALOGUE.
^~~~~~~
server//synchronous-concurrency/swift/input.txt:4:9: error: use of unresolved identifier 'OF'
PERSONS OF THE DIALOGUE.
        ^~
server//synchronous-concurrency/swift/input.txt:4:12: error: use of unresolved identifier 'THE'
PERSONS OF THE DIALOGUE.
           ^~~
server//synchronous-concurrency/swift/input.txt:5:9: error: consecutive statements on a line must be separated by ';'
Socrates, who is the narrator.
        ^
        ;
server//synchronous-concurrency/swift/input.txt:5:9: error: expected expression
Socrates, who is the narrator.
        ^
server//synchronous-concurrency/swift/input.txt:5:30: error: expected member name following '.'
Socrates, who is the narrator.
                             ^
server//synchronous-concurrency/swift/input.txt:6:8: error: expected member name following '.'
Glaucon.
       ^
server//synchronous-concurrency/swift/input.txt:7:11: error: expected member name following '.'
Adeimantus.
          ^
server//synchronous-concurrency/swift/input.txt:8:12: error: expected member name following '.'
Polemarchus.
           ^
server//synchronous-concurrency/swift/input.txt:9:9: error: expected member name following '.'
Cephalus.
        ^
server//synchronous-concurrency/swift/input.txt:10:13: error: expected member name following '.'
Thrasymachus.
            ^
server//synchronous-concurrency/swift/input.txt:11:11: error: expected member name following '.'
Cleitophon.
          ^
server//synchronous-concurrency/swift/input.txt:12:33: error: expected member name following '.'
And others who are mute auditors.
                                ^
server//synchronous-concurrency/swift/input.txt:15:79: error: expected member name following '.'
Hermocrates, Critias, and a nameless person, who are introduced in the Timaeus.
                                                                              ^
server//synchronous-concurrency/swift/input.txt:17:71: error: expected member name following '.'
might offer up my prayers to the goddess (Bendis, the Thracian Artemis.); and
                                                                      ^
server//synchronous-concurrency/swift/input.txt:19:22: error: extraneous whitespace after '.' is not permitted
which was a new thing. I was delighted with the procession of the inhabitants;
                     ^~
                      
server//synchronous-concurrency/swift/input.txt:20:47: error: expected '{' after 'if' condition
but that of the Thracians was equally, if not more, beautiful. When we had
                                              ^
server//synchronous-concurrency/swift/input.txt:20:62: error: extraneous whitespace after '.' is not permitted
but that of the Thracians was equally, if not more, beautiful. When we had
                                                             ^~
                                                              
server//synchronous-concurrency/swift/input.txt:24:31: error: extraneous whitespace after '.' is not permitted
to run and bid us wait for him. The servant took hold of me by the cloak behind,
                              ^~
                               
server//synchronous-concurrency/swift/input.txt:25:42: error: expected member name following '.'
and said: Polemarchus desires you to wait.
                                         ^
server//synchronous-concurrency/swift/input.txt:26:51: error: expected member name following '.'
I turned round, and asked him where his master was.
                                                  ^
server//synchronous-concurrency/swift/input.txt:27:69: error: expected member name following '.'
There he is, said the youth, coming after you, if you will only wait.
                                                                    ^
server//synchronous-concurrency/swift/input.txt:24:31: error: extraneous whitespace after '.' is not permitted
to run and bid us wait for him. The servant took hold of me by the cloak behind,
                              ^~
                               
server//synchronous-concurrency/swift/input.txt:24:37: error: expected ';' in 'for' statement
to run and bid us wait for him. The servant took hold of me by the cloak behind,
                                    ^
server//synchronous-concurrency/swift/input.txt:24:45: error: expected ';' in 'for' statement
to run and bid us wait for him. The servant took hold of me by the cloak behind,
                                            ^
server//synchronous-concurrency/swift/input.txt:24:50: error: expected '{' in 'for' statement
to run and bid us wait for him. The servant took hold of me by the cloak behind,
                                                 ^
server//synchronous-concurrency/swift/input.txt:25:42: error: expected member name following '.'
and said: Polemarchus desires you to wait.
                                         ^
server//synchronous-concurrency/swift/input.txt:26:51: error: expected member name following '.'
I turned round, and asked him where his master was.
                                                  ^
server//synchronous-concurrency/swift/input.txt:27:55: error: expected '{' after 'if' condition
There he is, said the youth, coming after you, if you will only wait.
                                                      ^
server//synchronous-concurrency/swift/input.txt:27:69: error: expected member name following '.'
There he is, said the youth, coming after you, if you will only wait.
                                                                    ^
server//synchronous-concurrency/swift/input.txt:29:33: error: invalid character in source file
and with him Adeimantus, Glaucon’s brother, Niceratus the son of Nicias, and
server//synchronous-concurrency/swift/input.txt:30:46: error: expected member name following '.'
several others who had been at the procession.
                                             ^
server//synchronous-concurrency/swift/input.txt:32:32: error: expected member name following '.'
already on your way to the city.
                               ^
server//synchronous-concurrency/swift/input.txt:33:30: error: expected member name following '.'
You are not far wrong, I said.
                             ^
server//synchronous-concurrency/swift/input.txt:34:8: error: expected '{' after 'do'
But do you see, he rejoined, how many we are?
       ^
server//synchronous-concurrency/swift/input.txt:35:10: error: expected member name following '.'
Of course.
         ^
server//synchronous-concurrency/swift/input.txt:37:8: error: expected member name following '.'
you are.
       ^
server//synchronous-concurrency/swift/input.txt:39:64: error: expected member name following '.'
But can you persuade us, if we refuse to listen to you? he said.
                                                               ^
server//synchronous-concurrency/swift/input.txt:40:31: error: expected member name following '.'
Certainly not, replied Glaucon.
                              ^
server//synchronous-concurrency/swift/input.txt:36:42: error: expected initialization in a 'for' statement
And are you stronger than all these? for if not, you will have to remain where
                                         ^
server//synchronous-concurrency/swift/input.txt:36:54: error: expected '{' after 'if' condition
And are you stronger than all these? for if not, you will have to remain where
                                                     ^
server//synchronous-concurrency/swift/input.txt:37:8: error: expected member name following '.'
you are.
       ^
server//synchronous-concurrency/swift/input.txt:38:77: error: consecutive statements on a line must be separated by ';'
May there not be the alternative, I said, that we may persuade you to let us go?
                                                                            ^
                                                                            ;
server//synchronous-concurrency/swift/input.txt:38:75: error: type annotation missing in pattern
May there not be the alternative, I said, that we may persuade you to let us go?
                                                                          ^
server//synchronous-concurrency/swift/input.txt:5:1: error: use of unresolved identifier 'Socrates'
Socrates, who is the narrator.
^~~~~~~~
server//synchronous-concurrency/swift/input.txt:20:43: error: use of unresolved identifier 'not'
but that of the Thracians was equally, if not more, beautiful. When we had
                                          ^~~
server//synchronous-concurrency/swift/input.txt:24:28: error: use of unresolved identifier 'him'
to run and bid us wait for him. The servant took hold of me by the cloak behind,
                           ^~~
server//synchronous-concurrency/swift/input.txt:24:37: error: use of unresolved identifier 'servant'
to run and bid us wait for him. The servant took hold of me by the cloak behind,
                                    ^~~~~~~
server//synchronous-concurrency/swift/input.txt:24:45: error: use of unresolved identifier 'took'
to run and bid us wait for him. The servant took hold of me by the cloak behind,
                                            ^~~~
Swift.Bool:41:15: note: did you mean 'Bool'?
public struct Bool {
              ^
server//synchronous-concurrency/swift/input.txt:27:51: error: use of unresolved identifier 'you'
There he is, said the youth, coming after you, if you will only wait.
                                                  ^~~
server//synchronous-concurrency/swift/input.txt:36:45: error: use of unresolved identifier 'not'
And are you stronger than all these? for if not, you will have to remain where
                                            ^~~
server//synchronous-concurrency/swift/input.txt:36:50: error: use of unresolved identifier 'you'
And are you stronger than all these? for if not, you will have to remain where
                                                 ^~~
server//synchronous-concurrency/swift/input.txt:38:78: error: use of unresolved identifier 'go'
May there not be the alternative, I said, that we may persuade you to let us go?
                                                                             ^~
server//synchronous-concurrency/swift/input.txt:39:4: error: consecutive statements on a line must be separated by ';'
But can you persuade us, if we refuse to listen to you? he said.
   ^
   ;
server//synchronous-concurrency/swift/input.txt:39:8: error: consecutive statements on a line must be separated by ';'
But can you persuade us, if we refuse to listen to you? he said.
       ^
       ;
server//synchronous-concurrency/swift/input.txt:39:12: error: consecutive statements on a line must be separated by ';'
But can you persuade us, if we refuse to listen to you? he said.
           ^
           ;
server//synchronous-concurrency/swift/input.txt:39:21: error: consecutive statements on a line must be separated by ';'
But can you persuade us, if we refuse to listen to you? he said.
                    ^
                    ;
server//synchronous-concurrency/swift/input.txt:39:24: error: consecutive statements on a line must be separated by ';'
But can you persuade us, if we refuse to listen to you? he said.
                       ^
                       ;
server//synchronous-concurrency/swift/input.txt:39:24: error: expected expression
But can you persuade us, if we refuse to listen to you? he said.
                       ^
server//synchronous-concurrency/swift/input.txt:39:32: error: expected '{' after 'if' condition
But can you persuade us, if we refuse to listen to you? he said.
                               ^
server//synchronous-concurrency/swift/input.txt:39:64: error: expected member name following '.'
But can you persuade us, if we refuse to listen to you? he said.
                                                               ^
server//synchronous-concurrency/swift/input.txt:40:31: error: expected member name following '.'
Certainly not, replied Glaucon.
                              ^
server//synchronous-concurrency/swift/input.txt:41:60: error: expected member name following '.'
Then we are not going to listen; of that you may be assured.
                                                           ^
server//synchronous-concurrency/swift/input.txt:44:42: error: extraneous whitespace after '.' is not permitted
With horses! I replied: That is a novelty. Will horsemen carry torches and pass
                                         ^~
                                          
server//synchronous-concurrency/swift/input.txt:47:33: error: extraneous whitespace after '.' is not permitted
which you certainly ought to see. Let us rise soon after supper and see this
                                ^~
                                 
server//synchronous-concurrency/swift/input.txt:48:79: error: expected member name following '.'
festival; there will be a gathering of young men, and we will have a good talk.
                                                                              ^
server//synchronous-concurrency/swift/input.txt:49:19: error: expected '{' after 'do'
Stay then, and do not be perverse.
                  ^
server//synchronous-concurrency/swift/input.txt:49:34: error: expected member name following '.'
Stay then, and do not be perverse.
                                 ^
server//synchronous-concurrency/swift/input.txt:50:56: error: expected member name following '.'
Glaucon said: I suppose, since you insist, that we must.
                                                       ^
server//synchronous-concurrency/swift/input.txt:51:21: error: expected member name following '.'
Very good, I replied.
                    ^
server//synchronous-concurrency/swift/input.txt:54:65: error: expected member name following '.'
Charmantides the Paeanian, and Cleitophon the son of Aristonymus.
                                                                ^
server//synchronous-concurrency/swift/input.txt:56:44: error: extraneous whitespace after '.' is not permitted
long time, and I thought him very much aged. He was seated on a cushioned
                                           ^~
                                            
server//synchronous-concurrency/swift/input.txt:56:1: error: expected 'in' after for-each pattern
long time, and I thought him very much aged. He was seated on a cushioned
^
server//synchronous-concurrency/swift/input.txt:56:6: error: expected '{' to start the body of for-each loop
long time, and I thought him very much aged. He was seated on a cushioned
     ^
server//synchronous-concurrency/swift/input.txt:56:44: error: extraneous whitespace after '.' is not permitted
long time, and I thought him very much aged. He was seated on a cushioned
                                           ^~
                                            
server//synchronous-concurrency/swift/input.txt:57:46: error: expected 'in' after for-each pattern
chair, and had a garland on his head, for he had been sacrificing in the court;
                                             ^
server//synchronous-concurrency/swift/input.txt:57:50: error: expected '{' to start the body of for-each loop
chair, and had a garland on his head, for he had been sacrificing in the court;
                                                 ^
server//synchronous-concurrency/swift/input.txt:59:25: error: extraneous whitespace after '.' is not permitted
which we sat down by him. He saluted me eagerly, and then he said:–
server//synchronous-concurrency/swift/input.txt:59:67: error: invalid character in source file
which we sat down by him. He saluted me eagerly, and then he said:–
server//synchronous-concurrency/swift/input.txt:59:67: error: invalid character in source file
which we sat down by him. He saluted me eagerly, and then he said:–
server//synchronous-concurrency/swift/input.txt:60:8: error: invalid character in source file
You don’t come to see me, Socrates, as often as you ought: If I were still able to
server//synchronous-concurrency/swift/input.txt:61:49: error: extraneous whitespace after '.' is not permitted
go and see you I would not ask you to come to me. But at my age I can hardly
                                                ^~
                                                 
server//synchronous-concurrency/swift/input.txt:62:70: error: extraneous whitespace after '.' is not permitted
get to the city, and therefore you should come oftener to the Piraeus. For let me
                                                                     ^~
                                                                      
server//synchronous-concurrency/swift/input.txt:62:80: error: type annotation missing in pattern
get to the city, and therefore you should come oftener to the Piraeus. For let me
                                                                               ^
server//synchronous-concurrency/swift/input.txt:39:1: error: use of unresolved identifier 'But'
But can you persuade us, if we refuse to listen to you? he said.
^~~
Swift.Bit:2:13: note: did you mean 'Bit'?
public enum Bit {
            ^
server//synchronous-concurrency/swift/input.txt:39:5: error: use of unresolved identifier 'can'
But can you persuade us, if we refuse to listen to you? he said.
    ^~~
server//synchronous-concurrency/swift/input.txt:39:9: error: use of unresolved identifier 'you'
But can you persuade us, if we refuse to listen to you? he said.
        ^~~
server//synchronous-concurrency/swift/input.txt:39:13: error: use of unresolved identifier 'persuade'
But can you persuade us, if we refuse to listen to you? he said.
            ^~~~~~~~
server//synchronous-concurrency/swift/input.txt:39:29: error: use of unresolved identifier 'we'
But can you persuade us, if we refuse to listen to you? he said.
                            ^~
server//synchronous-concurrency/swift/input.txt:62:80: note: did you mean 'me'?
get to the city, and therefore you should come oftener to the Piraeus. For let me
                                                                               ^
server//synchronous-concurrency/swift/input.txt:56:1: error: use of unresolved identifier 'long'
long time, and I thought him very much aged. He was seated on a cushioned
^~~~
Swift.CLong:2:18: note: did you mean 'CLong'?
public typealias CLong = Int
                 ^
Swift._log:1:13: note: did you mean '_log'?
public func _log(_ x: Float) -> Float
            ^
Swift._log:1:13: note: did you mean '_log'?
public func _log(_ x: Double) -> Double
            ^
server//synchronous-concurrency/swift/input.txt:57:46: error: use of unresolved identifier 'had'
chair, and had a garland on his head, for he had been sacrificing in the court;
                                             ^~~
server//synchronous-concurrency/swift/input.txt:63:5: error: consecutive statements on a line must be separated by ';'
tell you, that the more the pleasures of the body fade away, the greater to me
    ^
    ;
server//synchronous-concurrency/swift/input.txt:63:9: error: consecutive statements on a line must be separated by ';'
tell you, that the more the pleasures of the body fade away, the greater to me
        ^
        ;
server//synchronous-concurrency/swift/input.txt:63:9: error: expected expression
tell you, that the more the pleasures of the body fade away, the greater to me
        ^
server//synchronous-concurrency/swift/input.txt:64:42: error: extraneous whitespace after '.' is not permitted
is the pleasure and charm of conversation. Do not then deny my request, but
                                         ^~
                                          
server//synchronous-concurrency/swift/input.txt:66:51: error: expected member name following '.'
old friends, and you will be quite at home with us.
                                                  ^
server//synchronous-concurrency/swift/input.txt:67:42: error: expected ';' in 'for' statement
I replied: There is nothing which for my part I like better, Cephalus, than conversing
                                         ^
server//synchronous-concurrency/swift/input.txt:67:47: error: expected ';' in 'for' statement
I replied: There is nothing which for my part I like better, Cephalus, than conversing
                                              ^
server//synchronous-concurrency/swift/input.txt:67:49: error: expected '{' in 'for' statement
I replied: There is nothing which for my part I like better, Cephalus, than conversing
                                                ^
server//synchronous-concurrency/swift/input.txt:70:41: error: extraneous whitespace after '.' is not permitted
smooth and easy, or rugged and difficult. And this is a question which I should
                                        ^~
                                         
server//synchronous-concurrency/swift/input.txt:71:75: error: invalid character in source file
like to ask of you who have arrived at that time which the poets call the ’threshold
server//synchronous-concurrency/swift/input.txt:72:11: error: invalid character in source file
of old age’–Is life harder towards the end, or what report do you give
server//synchronous-concurrency/swift/input.txt:72:14: error: invalid character in source file
of old age’–Is life harder towards the end, or what report do you give
server//synchronous-concurrency/swift/input.txt:74:59: error: extraneous whitespace after '.' is not permitted
I will tell you, Socrates, he said, what my own feeling is. Men of my age flock
                                                          ^~
                                                           
server//synchronous-concurrency/swift/input.txt:68:22: error: expected ';' in 'for' statement
with aged men; for I regard them as travellers who have gone a journey
                     ^
server//synchronous-concurrency/swift/input.txt:68:29: error: expected ';' in 'for' statement
with aged men; for I regard them as travellers who have gone a journey
                            ^
server//synchronous-concurrency/swift/input.txt:68:48: error: expected '{' in 'for' statement
with aged men; for I regard them as travellers who have gone a journey
                                               ^
server//synchronous-concurrency/swift/input.txt:70:41: error: extraneous whitespace after '.' is not permitted
smooth and easy, or rugged and difficult. And this is a question which I should
                                        ^~
                                         
server//synchronous-concurrency/swift/input.txt:71:75: error: invalid character in source file
like to ask of you who have arrived at that time which the poets call the ’threshold
server//synchronous-concurrency/swift/input.txt:72:11: error: invalid character in source file
of old age’–Is life harder towards the end, or what report do you give
server//synchronous-concurrency/swift/input.txt:72:14: error: invalid character in source file
of old age’–Is life harder towards the end, or what report do you give
server//synchronous-concurrency/swift/input.txt:72:67: error: expected '{' after 'do'
of old age’–Is life harder towards the end, or what report do you give
server//synchronous-concurrency/swift/input.txt:74:59: error: extraneous whitespace after '.' is not permitted
I will tell you, Socrates, he said, what my own feeling is. Men of my age flock
                                                          ^~
                                                           
server//synchronous-concurrency/swift/input.txt:76:41: error: invalid character in source file
the tale of my acquaintance commonly is –I cannot eat, I cannot drink; the pleasures
server//synchronous-concurrency/swift/input.txt:78:41: error: extraneous whitespace after '.' is not permitted
that is gone, and life is no longer life. Some complain of the slights which are
                                        ^~
                                         
server//synchronous-concurrency/swift/input.txt:80:21: error: extraneous whitespace after '.' is not permitted
old age is the cause. But to me, Socrates, these complainers seem to blame that
                    ^~
                     
server//synchronous-concurrency/swift/input.txt:81:29: error: extraneous whitespace after '.' is not permitted
which is not really in fault. For if old age were the cause, I too being old, and
                            ^~
                             
server//synchronous-concurrency/swift/input.txt:81:42: error: expected '{' after 'if' condition
which is not really in fault. For if old age were the cause, I too being old, and
                                         ^
server//synchronous-concurrency/swift/input.txt:82:48: error: extraneous whitespace after '.' is not permitted
every other old man, would have felt as they do. But this is not my own experience,
                                               ^~
                                                
server//synchronous-concurrency/swift/input.txt:82:48: error: expected '{' after 'do'
every other old man, would have felt as they do. But this is not my own experience,
                                               ^
server//synchronous-concurrency/swift/input.txt:83:37: error: extraneous whitespace after '.' is not permitted
nor that of others whom I have known. How well I remember the aged
                                    ^~
                                     
server//synchronous-concurrency/swift/input.txt:85:11: error: invalid character in source file
Sophocles,–are you still the man you were? Peace, he replied; most gladly have
server//synchronous-concurrency/swift/input.txt:86:56: error: expected '{' after 'if' condition
I escaped the thing of which you speak; I feel as if I had escaped from a mad
                                                       ^
server//synchronous-concurrency/swift/input.txt:87:19: error: extraneous whitespace after '.' is not permitted
and furious master. His words have often occurred to my mind since, and they
                  ^~
                   
server//synchronous-concurrency/swift/input.txt:88:59: error: extraneous whitespace after '.' is not permitted
seem as good to me now as at the time when he uttered them. For certainly old
                                                          ^~
                                                           
server//synchronous-concurrency/swift/input.txt:91:12: error: extraneous whitespace after '.' is not permitted
but of many. The truth is, Socrates, that these regrets, and also the complaints
           ^~
            
server//synchronous-concurrency/swift/input.txt:93:4: error: invalid character in source file
men’s characters and tempers; for he who is of a calm and happy nature will
server//synchronous-concurrency/swift/input.txt:95:35: error: expected member name following '.'
youth and age are equally a burden.
                                  ^
server//synchronous-concurrency/swift/input.txt:93:40: error: expected 'in' after for-each pattern
men’s characters and tempers; for he who is of a calm and happy nature will
server//synchronous-concurrency/swift/input.txt:93:50: error: expected '{' to start the body of for-each loop
men’s characters and tempers; for he who is of a calm and happy nature will
server//synchronous-concurrency/swift/input.txt:95:35: error: expected member name following '.'
youth and age are equally a burden.
                                  ^
server//synchronous-concurrency/swift/input.txt:96:76: error: invalid character in source file
I listened in admiration, and wanting to draw him out, that he might go on –Yes,
server//synchronous-concurrency/swift/input.txt:100:30: error: expected member name following '.'
known to be a great comforter.
                             ^
server//synchronous-concurrency/swift/input.txt:102:53: error: extraneous whitespace after '.' is not permitted
what they say; not, however, so much as they imagine. I might answer them
                                                    ^~
                                                     
server//synchronous-concurrency/swift/input.txt:104:71: error: invalid character in source file
he was famous, not for his own merits but because he was an Athenian: ’If you
server//synchronous-concurrency/swift/input.txt:106:8: error: invalid character in source file
famous.’ And to those who are not rich and are impatient of old age, the same
server//synchronous-concurrency/swift/input.txt:104:28: error: expected ';' in 'for' statement
he was famous, not for his own merits but because he was an Athenian: ’If you
server//synchronous-concurrency/swift/input.txt:104:32: error: expected ';' in 'for' statement
he was famous, not for his own merits but because he was an Athenian: ’If you
server//synchronous-concurrency/swift/input.txt:104:39: error: expected '{' in 'for' statement
he was famous, not for his own merits but because he was an Athenian: ’If you
server//synchronous-concurrency/swift/input.txt:104:71: error: invalid character in source file
he was famous, not for his own merits but because he was an Athenian: ’If you
server//synchronous-concurrency/swift/input.txt:104:71: error: invalid character in source file
he was famous, not for his own merits but because he was an Athenian: ’If you
server//synchronous-concurrency/swift/input.txt:106:8: error: invalid character in source file
famous.’ And to those who are not rich and are impatient of old age, the same
server//synchronous-concurrency/swift/input.txt:108:52: error: expected member name following '.'
nor can a bad rich man ever have peace with himself.
                                                   ^
server//synchronous-concurrency/swift/input.txt:112:24: error: expected member name following '.'
PERSONS OF THE DIALOGUE.
                       ^
server//synchronous-concurrency/swift/input.txt:113:30: error: expected member name following '.'
Socrates, who is the narrator.
                             ^
server//synchronous-concurrency/swift/input.txt:114:8: error: expected member name following '.'
Glaucon.
       ^
server//synchronous-concurrency/swift/input.txt:115:11: error: expected member name following '.'
Adeimantus.
          ^
server//synchronous-concurrency/swift/input.txt:116:12: error: expected member name following '.'
Polemarchus.
           ^
server//synchronous-concurrency/swift/input.txt:117:9: error: expected member name following '.'
Cephalus.
        ^
server//synchronous-concurrency/swift/input.txt:118:13: error: expected member name following '.'
Thrasymachus.
            ^
server//synchronous-concurrency/swift/input.txt:119:11: error: expected member name following '.'
Cleitophon.
          ^
server//synchronous-concurrency/swift/input.txt:120:33: error: expected member name following '.'
And others who are mute auditors.
                                ^
server//synchronous-concurrency/swift/input.txt:107:27: error: expected 'in' after for-each pattern
reply may be made; for to the good poor man old age cannot be a light burden,
                          ^
server//synchronous-concurrency/swift/input.txt:107:31: error: expected '{' to start the body of for-each loop
reply may be made; for to the good poor man old age cannot be a light burden,
                              ^
server//synchronous-concurrency/swift/input.txt:108:52: error: expected member name following '.'
nor can a bad rich man ever have peace with himself.
                                                   ^
server//synchronous-concurrency/swift/input.txt:112:24: error: expected member name following '.'
PERSONS OF THE DIALOGUE.
                       ^
server//synchronous-concurrency/swift/input.txt:113:30: error: expected member name following '.'
Socrates, who is the narrator.
                             ^
server//synchronous-concurrency/swift/input.txt:114:8: error: expected member name following '.'
Glaucon.
       ^
server//synchronous-concurrency/swift/input.txt:115:11: error: expected member name following '.'
Adeimantus.
          ^
server//synchronous-concurrency/swift/input.txt:116:12: error: expected member name following '.'
Polemarchus.
           ^
server//synchronous-concurrency/swift/input.txt:117:9: error: expected member name following '.'
Cephalus.
        ^
server//synchronous-concurrency/swift/input.txt:118:13: error: expected member name following '.'
Thrasymachus.
            ^
server//synchronous-concurrency/swift/input.txt:119:11: error: expected member name following '.'
Cleitophon.
          ^
server//synchronous-concurrency/swift/input.txt:120:33: error: expected member name following '.'
And others who are mute auditors.
                                ^
server//synchronous-concurrency/swift/input.txt:123:79: error: expected member name following '.'
Hermocrates, Critias, and a nameless person, who are introduced in the Timaeus.
                                                                              ^
server//synchronous-concurrency/swift/input.txt:125:71: error: expected member name following '.'
might offer up my prayers to the goddess (Bendis, the Thracian Artemis.); and
                                                                      ^
server//synchronous-concurrency/swift/input.txt:127:22: error: extraneous whitespace after '.' is not permitted
which was a new thing. I was delighted with the procession of the inhabitants;
                     ^~
                      
server//synchronous-concurrency/swift/input.txt:128:47: error: expected '{' after 'if' condition
but that of the Thracians was equally, if not more, beautiful. When we had
                                              ^
server//synchronous-concurrency/swift/input.txt:128:62: error: extraneous whitespace after '.' is not permitted
but that of the Thracians was equally, if not more, beautiful. When we had
                                                             ^~
                                                              
server//synchronous-concurrency/swift/input.txt:132:31: error: extraneous whitespace after '.' is not permitted
to run and bid us wait for him. The servant took hold of me by the cloak behind,
                              ^~
                               
server//synchronous-concurrency/swift/input.txt:133:42: error: expected member name following '.'
and said: Polemarchus desires you to wait.
                                         ^
server//synchronous-concurrency/swift/input.txt:134:51: error: expected member name following '.'
I turned round, and asked him where his master was.
                                                  ^
server//synchronous-concurrency/swift/input.txt:135:69: error: expected member name following '.'
There he is, said the youth, coming after you, if you will only wait.
                                                                    ^
server//synchronous-concurrency/swift/input.txt:132:31: error: extraneous whitespace after '.' is not permitted
to run and bid us wait for him. The servant took hold of me by the cloak behind,
                              ^~
                               
server//synchronous-concurrency/swift/input.txt:132:37: error: expected ';' in 'for' statement
to run and bid us wait for him. The servant took hold of me by the cloak behind,
                                    ^
server//synchronous-concurrency/swift/input.txt:132:45: error: expected ';' in 'for' statement
to run and bid us wait for him. The servant took hold of me by the cloak behind,
                                            ^
server//synchronous-concurrency/swift/input.txt:132:50: error: expected '{' in 'for' statement
to run and bid us wait for him. The servant took hold of me by the cloak behind,
                                                 ^
server//synchronous-concurrency/swift/input.txt:133:42: error: expected member name following '.'
and said: Polemarchus desires you to wait.
                                         ^
server//synchronous-concurrency/swift/input.txt:134:51: error: expected member name following '.'
I turned round, and asked him where his master was.
                                                  ^
server//synchronous-concurrency/swift/input.txt:135:55: error: expected '{' after 'if' condition
There he is, said the youth, coming after you, if you will only wait.
                                                      ^
server//synchronous-concurrency/swift/input.txt:135:69: error: expected member name following '.'
There he is, said the youth, coming after you, if you will only wait.
                                                                    ^
server//synchronous-concurrency/swift/input.txt:137:33: error: invalid character in source file
and with him Adeimantus, Glaucon’s brother, Niceratus the son of Nicias, and
server//synchronous-concurrency/swift/input.txt:138:46: error: expected member name following '.'
several others who had been at the procession.
                                             ^
server//synchronous-concurrency/swift/input.txt:140:32: error: expected member name following '.'
already on your way to the city.
                               ^
server//synchronous-concurrency/swift/input.txt:141:30: error: expected member name following '.'
You are not far wrong, I said.
                             ^
server//synchronous-concurrency/swift/input.txt:142:8: error: expected '{' after 'do'
But do you see, he rejoined, how many we are?
       ^
server//synchronous-concurrency/swift/input.txt:143:10: error: expected member name following '.'
Of course.
         ^
server//synchronous-concurrency/swift/input.txt:145:8: error: expected member name following '.'
you are.
       ^
server//synchronous-concurrency/swift/input.txt:147:64: error: expected member name following '.'
But can you persuade us, if we refuse to listen to you? he said.
                                                               ^
server//synchronous-concurrency/swift/input.txt:148:31: error: expected member name following '.'
Certainly not, replied Glaucon.
                              ^
server//synchronous-concurrency/swift/input.txt:144:42: error: expected initialization in a 'for' statement
And are you stronger than all these? for if not, you will have to remain where
                                         ^
server//synchronous-concurrency/swift/input.txt:144:54: error: expected '{' after 'if' condition
And are you stronger than all these? for if not, you will have to remain where
                                                     ^
server//synchronous-concurrency/swift/input.txt:145:8: error: expected member name following '.'
you are.
       ^
server//synchronous-concurrency/swift/input.txt:146:77: error: consecutive statements on a line must be separated by ';'
May there not be the alternative, I said, that we may persuade you to let us go?
                                                                            ^
                                                                            ;
server//synchronous-concurrency/swift/input.txt:146:75: error: type annotation missing in pattern
May there not be the alternative, I said, that we may persuade you to let us go?
                                                                          ^
server//synchronous-concurrency/swift/input.txt:63:1: error: use of unresolved identifier 'tell'
tell you, that the more the pleasures of the body fade away, the greater to me
^~~~
server//synchronous-concurrency/swift/input.txt:63:6: error: use of unresolved identifier 'you'
tell you, that the more the pleasures of the body fade away, the greater to me
     ^~~
server//synchronous-concurrency/swift/input.txt:67:39: error: use of unresolved identifier 'my'
I replied: There is nothing which for my part I like better, Cephalus, than conversing
                                      ^~
server//synchronous-concurrency/swift/input.txt:62:80: note: did you mean 'me'?
get to the city, and therefore you should come oftener to the Piraeus. For let me
                                                                               ^
server//synchronous-concurrency/swift/input.txt:67:42: error: use of unresolved identifier 'part'
I replied: There is nothing which for my part I like better, Cephalus, than conversing
                                         ^~~~
server//synchronous-concurrency/swift/input.txt:67:47: error: use of unresolved identifier 'I'
I replied: There is nothing which for my part I like better, Cephalus, than conversing
                                              ^
server//synchronous-concurrency/swift/input.txt:68:20: error: use of unresolved identifier 'I'
with aged men; for I regard them as travellers who have gone a journey
                   ^
server//synchronous-concurrency/swift/input.txt:68:22: error: use of unresolved identifier 'regard'
with aged men; for I regard them as travellers who have gone a journey
                     ^~~~~~
server//synchronous-concurrency/swift/input.txt:68:29: error: use of unresolved identifier 'them'
with aged men; for I regard them as travellers who have gone a journey
                            ^~~~
server//synchronous-concurrency/swift/input.txt:81:38: error: use of unresolved identifier 'old'
which is not really in fault. For if old age were the cause, I too being old, and
                                     ^~~
Swift.Void:20:18: note: did you mean 'Void'?
public typealias Void = ()
                 ^
server//synchronous-concurrency/swift/input.txt:86:54: error: use of unresolved identifier 'I'
I escaped the thing of which you speak; I feel as if I had escaped from a mad
                                                     ^
server//synchronous-concurrency/swift/input.txt:93:40: error: use of unresolved identifier 'who'
men’s characters and tempers; for he who is of a calm and happy nature will
server//synchronous-concurrency/swift/input.txt:104:24: error: use of unresolved identifier 'his'
he was famous, not for his own merits but because he was an Athenian: ’If you
server//synchronous-concurrency/swift/input.txt:104:28: error: use of unresolved identifier 'own'
he was famous, not for his own merits but because he was an Athenian: ’If you
server//synchronous-concurrency/swift/input.txt:104:32: error: use of unresolved identifier 'merits'
he was famous, not for his own merits but because he was an Athenian: ’If you
server//synchronous-concurrency/swift/input.txt:107:27: error: use of unresolved identifier 'the'
reply may be made; for to the good poor man old age cannot be a light burden,
                          ^~~
server//synchronous-concurrency/swift/input.txt:128:43: error: use of unresolved identifier 'not'
but that of the Thracians was equally, if not more, beautiful. When we had
                                          ^~~
server//synchronous-concurrency/swift/input.txt:132:28: error: use of unresolved identifier 'him'
to run and bid us wait for him. The servant took hold of me by the cloak behind,
                           ^~~
server//synchronous-concurrency/swift/input.txt:132:37: error: use of unresolved identifier 'servant'
to run and bid us wait for him. The servant took hold of me by the cloak behind,
                                    ^~~~~~~
server//synchronous-concurrency/swift/input.txt:132:45: error: use of unresolved identifier 'took'
to run and bid us wait for him. The servant took hold of me by the cloak behind,
                                            ^~~~
Swift.Bool:41:15: note: did you mean 'Bool'?
public struct Bool {
              ^
server//synchronous-concurrency/swift/input.txt:135:51: error: use of unresolved identifier 'you'
There he is, said the youth, coming after you, if you will only wait.
                                                  ^~~
server//synchronous-concurrency/swift/input.txt:144:45: error: use of unresolved identifier 'not'
And are you stronger than all these? for if not, you will have to remain where
                                            ^~~
server//synchronous-concurrency/swift/input.txt:144:50: error: use of unresolved identifier 'you'
And are you stronger than all these? for if not, you will have to remain where
                                                 ^~~
server//synchronous-concurrency/swift/input.txt:146:78: error: use of unresolved identifier 'go'
May there not be the alternative, I said, that we may persuade you to let us go?
                                                                             ^~
server//synchronous-concurrency/swift/input.txt:147:4: error: consecutive statements on a line must be separated by ';'
But can you persuade us, if we refuse to listen to you? he said.
   ^
   ;
server//synchronous-concurrency/swift/input.txt:147:8: error: consecutive statements on a line must be separated by ';'
But can you persuade us, if we refuse to listen to you? he said.
       ^
       ;
server//synchronous-concurrency/swift/input.txt:147:12: error: consecutive statements on a line must be separated by ';'
But can you persuade us, if we refuse to listen to you? he said.
           ^
           ;
server//synchronous-concurrency/swift/input.txt:147:21: error: consecutive statements on a line must be separated by ';'
But can you persuade us, if we refuse to listen to you? he said.
                    ^
                    ;
server//synchronous-concurrency/swift/input.txt:147:24: error: consecutive statements on a line must be separated by ';'
But can you persuade us, if we refuse to listen to you? he said.
                       ^
                       ;
server//synchronous-concurrency/swift/input.txt:147:24: error: expected expression
But can you persuade us, if we refuse to listen to you? he said.
                       ^
server//synchronous-concurrency/swift/input.txt:147:32: error: expected '{' after 'if' condition
But can you persuade us, if we refuse to listen to you? he said.
                               ^
server//synchronous-concurrency/swift/input.txt:147:64: error: expected member name following '.'
But can you persuade us, if we refuse to listen to you? he said.
                                                               ^
server//synchronous-concurrency/swift/input.txt:148:31: error: expected member name following '.'
Certainly not, replied Glaucon.
                              ^
server//synchronous-concurrency/swift/input.txt:149:60: error: expected member name following '.'
Then we are not going to listen; of that you may be assured.
                                                           ^
server//synchronous-concurrency/swift/input.txt:152:42: error: extraneous whitespace after '.' is not permitted
With horses! I replied: That is a novelty. Will horsemen carry torches and pass
                                         ^~
                                          
server//synchronous-concurrency/swift/input.txt:155:33: error: extraneous whitespace after '.' is not permitted
which you certainly ought to see. Let us rise soon after supper and see this
                                ^~
                                 
server//synchronous-concurrency/swift/input.txt:156:79: error: expected member name following '.'
festival; there will be a gathering of young men, and we will have a good talk.
                                                                              ^
server//synchronous-concurrency/swift/input.txt:157:19: error: expected '{' after 'do'
Stay then, and do not be perverse.
                  ^
server//synchronous-concurrency/swift/input.txt:157:34: error: expected member name following '.'
Stay then, and do not be perverse.
                                 ^
server//synchronous-concurrency/swift/input.txt:158:56: error: expected member name following '.'
Glaucon said: I suppose, since you insist, that we must.
                                                       ^
server//synchronous-concurrency/swift/input.txt:159:21: error: expected member name following '.'
Very good, I replied.
                    ^
server//synchronous-concurrency/swift/input.txt:162:65: error: expected member name following '.'
Charmantides the Paeanian, and Cleitophon the son of Aristonymus.
                                                                ^
server//synchronous-concurrency/swift/input.txt:164:44: error: extraneous whitespace after '.' is not permitted
long time, and I thought him very much aged. He was seated on a cushioned
                                           ^~
                                            
server//synchronous-concurrency/swift/input.txt:164:1: error: expected 'in' after for-each pattern
long time, and I thought him very much aged. He was seated on a cushioned
^
server//synchronous-concurrency/swift/input.txt:164:6: error: expected '{' to start the body of for-each loop
long time, and I thought him very much aged. He was seated on a cushioned
     ^
server//synchronous-concurrency/swift/input.txt:164:44: error: extraneous whitespace after '.' is not permitted
long time, and I thought him very much aged. He was seated on a cushioned
                                           ^~
                                            
server//synchronous-concurrency/swift/input.txt:165:46: error: expected 'in' after for-each pattern
chair, and had a garland on his head, for he had been sacrificing in the court;
                                             ^
server//synchronous-concurrency/swift/input.txt:165:50: error: expected '{' to start the body of for-each loop
chair, and had a garland on his head, for he had been sacrificing in the court;
                                                 ^
server//synchronous-concurrency/swift/input.txt:167:25: error: extraneous whitespace after '.' is not permitted
which we sat down by him. He saluted me eagerly, and then he said:–
server//synchronous-concurrency/swift/input.txt:167:67: error: invalid character in source file
which we sat down by him. He saluted me eagerly, and then he said:–
server//synchronous-concurrency/swift/input.txt:167:67: error: invalid character in source file
which we sat down by him. He saluted me eagerly, and then he said:–
server//synchronous-concurrency/swift/input.txt:168:8: error: invalid character in source file
You don’t come to see me, Socrates, as often as you ought: If I were still able to
server//synchronous-concurrency/swift/input.txt:169:49: error: extraneous whitespace after '.' is not permitted
go and see you I would not ask you to come to me. But at my age I can hardly
                                                ^~
                                                 
server//synchronous-concurrency/swift/input.txt:170:70: error: extraneous whitespace after '.' is not permitted
get to the city, and therefore you should come oftener to the Piraeus. For let me
                                                                     ^~
                                                                      
server//synchronous-concurrency/swift/input.txt:170:80: error: type annotation missing in pattern
get to the city, and therefore you should come oftener to the Piraeus. For let me
                                                                               ^
server//synchronous-concurrency/swift/input.txt:147:1: error: use of unresolved identifier 'But'
But can you persuade us, if we refuse to listen to you? he said.
^~~
Swift.Bit:2:13: note: did you mean 'Bit'?
public enum Bit {
            ^
server//synchronous-concurrency/swift/input.txt:147:5: error: use of unresolved identifier 'can'
But can you persuade us, if we refuse to listen to you? he said.
    ^~~
server//synchronous-concurrency/swift/input.txt:147:9: error: use of unresolved identifier 'you'
But can you persuade us, if we refuse to listen to you? he said.
        ^~~
server//synchronous-concurrency/swift/input.txt:147:13: error: use of unresolved identifier 'persuade'
But can you persuade us, if we refuse to listen to you? he said.
            ^~~~~~~~
server//synchronous-concurrency/swift/input.txt:147:29: error: use of unresolved identifier 'we'
But can you persuade us, if we refuse to listen to you? he said.
                            ^~
server//synchronous-concurrency/swift/input.txt:62:80: note: did you mean 'me'?
get to the city, and therefore you should come oftener to the Piraeus. For let me
                                                                               ^
server//synchronous-concurrency/swift/input.txt:170:80: note: did you mean 'me'?
get to the city, and therefore you should come oftener to the Piraeus. For let me
                                                                               ^
server//synchronous-concurrency/swift/input.txt:164:1: error: use of unresolved identifier 'long'
long time, and I thought him very much aged. He was seated on a cushioned
^~~~
Swift.CLong:2:18: note: did you mean 'CLong'?
public typealias CLong = Int
                 ^
Swift._log:1:13: note: did you mean '_log'?
public func _log(_ x: Float) -> Float
            ^
Swift._log:1:13: note: did you mean '_log'?
public func _log(_ x: Double) -> Double
            ^
server//synchronous-concurrency/swift/input.txt:165:46: error: use of unresolved identifier 'had'
chair, and had a garland on his head, for he had been sacrificing in the court;
                                             ^~~
server//synchronous-concurrency/swift/input.txt:171:5: error: consecutive statements on a line must be separated by ';'
tell you, that the more the pleasures of the body fade away, the greater to me
    ^
    ;
server//synchronous-concurrency/swift/input.txt:171:9: error: consecutive statements on a line must be separated by ';'
tell you, that the more the pleasures of the body fade away, the greater to me
        ^
        ;
server//synchronous-concurrency/swift/input.txt:171:9: error: expected expression
tell you, that the more the pleasures of the body fade away, the greater to me
        ^
server//synchronous-concurrency/swift/input.txt:172:42: error: extraneous whitespace after '.' is not permitted
is the pleasure and charm of conversation. Do not then deny my request, but
                                         ^~
                                          
server//synchronous-concurrency/swift/input.txt:174:51: error: expected member name following '.'
old friends, and you will be quite at home with us.
                                                  ^
server//synchronous-concurrency/swift/input.txt:175:42: error: expected ';' in 'for' statement
I replied: There is nothing which for my part I like better, Cephalus, than conversing
                                         ^
server//synchronous-concurrency/swift/input.txt:175:47: error: expected ';' in 'for' statement
I replied: There is nothing which for my part I like better, Cephalus, than conversing
                                              ^
server//synchronous-concurrency/swift/input.txt:175:49: error: expected '{' in 'for' statement
I replied: There is nothing which for my part I like better, Cephalus, than conversing
                                                ^
server//synchronous-concurrency/swift/input.txt:178:41: error: extraneous whitespace after '.' is not permitted
smooth and easy, or rugged and difficult. And this is a question which I should
                                        ^~
                                         
server//synchronous-concurrency/swift/input.txt:179:75: error: invalid character in source file
like to ask of you who have arrived at that time which the poets call the ’threshold
server//synchronous-concurrency/swift/input.txt:180:11: error: invalid character in source file
of old age’–Is life harder towards the end, or what report do you give
server//synchronous-concurrency/swift/input.txt:180:14: error: invalid character in source file
of old age’–Is life harder towards the end, or what report do you give
server//synchronous-concurrency/swift/input.txt:182:59: error: extraneous whitespace after '.' is not permitted
I will tell you, Socrates, he said, what my own feeling is. Men of my age flock
                                                          ^~
                                                           
server//synchronous-concurrency/swift/input.txt:176:22: error: expected ';' in 'for' statement
with aged men; for I regard them as travellers who have gone a journey
                     ^
server//synchronous-concurrency/swift/input.txt:176:29: error: expected ';' in 'for' statement
with aged men; for I regard them as travellers who have gone a journey
                            ^
server//synchronous-concurrency/swift/input.txt:176:48: error: expected '{' in 'for' statement
with aged men; for I regard them as travellers who have gone a journey
                                               ^
server//synchronous-concurrency/swift/input.txt:178:41: error: extraneous whitespace after '.' is not permitted
smooth and easy, or rugged and difficult. And this is a question which I should
                                        ^~
                                         
server//synchronous-concurrency/swift/input.txt:179:75: error: invalid character in source file
like to ask of you who have arrived at that time which the poets call the ’threshold
server//synchronous-concurrency/swift/input.txt:180:11: error: invalid character in source file
of old age’–Is life harder towards the end, or what report do you give
server//synchronous-concurrency/swift/input.txt:180:14: error: invalid character in source file
of old age’–Is life harder towards the end, or what report do you give
server//synchronous-concurrency/swift/input.txt:180:67: error: expected '{' after 'do'
of old age’–Is life harder towards the end, or what report do you give
server//synchronous-concurrency/swift/input.txt:182:59: error: extraneous whitespace after '.' is not permitted
I will tell you, Socrates, he said, what my own feeling is. Men of my age flock
                                                          ^~
                                                           
server//synchronous-concurrency/swift/input.txt:184:41: error: invalid character in source file
the tale of my acquaintance commonly is –I cannot eat, I cannot drink; the pleasures
server//synchronous-concurrency/swift/input.txt:186:41: error: extraneous whitespace after '.' is not permitted
that is gone, and life is no longer life. Some complain of the slights which are
                                        ^~
                                         
server//synchronous-concurrency/swift/input.txt:188:21: error: extraneous whitespace after '.' is not permitted
old age is the cause. But to me, Socrates, these complainers seem to blame that
                    ^~
                     
server//synchronous-concurrency/swift/input.txt:189:29: error: extraneous whitespace after '.' is not permitted
which is not really in fault. For if old age were the cause, I too being old, and
                            ^~
                             
server//synchronous-concurrency/swift/input.txt:189:42: error: expected '{' after 'if' condition
which is not really in fault. For if old age were the cause, I too being old, and
                                         ^
server//synchronous-concurrency/swift/input.txt:190:48: error: extraneous whitespace after '.' is not permitted
every other old man, would have felt as they do. But this is not my own experience,
                                               ^~
                                                
server//synchronous-concurrency/swift/input.txt:190:48: error: expected '{' after 'do'
every other old man, would have felt as they do. But this is not my own experience,
                                               ^
server//synchronous-concurrency/swift/input.txt:191:37: error: extraneous whitespace after '.' is not permitted
nor that of others whom I have known. How well I remember the aged
                                    ^~
                                     
server//synchronous-concurrency/swift/input.txt:193:11: error: invalid character in source file
Sophocles,–are you still the man you were? Peace, he replied; most gladly have
server//synchronous-concurrency/swift/input.txt:194:56: error: expected '{' after 'if' condition
I escaped the thing of which you speak; I feel as if I had escaped from a mad
                                                       ^
server//synchronous-concurrency/swift/input.txt:195:19: error: extraneous whitespace after '.' is not permitted
and furious master. His words have often occurred to my mind since, and they
                  ^~
                   
server//synchronous-concurrency/swift/input.txt:196:59: error: extraneous whitespace after '.' is not permitted
seem as good to me now as at the time when he uttered them. For certainly old
                                                          ^~
                                                           
server//synchronous-concurrency/swift/input.txt:199:12: error: extraneous whitespace after '.' is not permitted
but of many. The truth is, Socrates, that these regrets, and also the complaints
           ^~
            
server//synchronous-concurrency/swift/input.txt:201:4: error: invalid character in source file
men’s characters and tempers; for he who is of a calm and happy nature will
server//synchronous-concurrency/swift/input.txt:203:35: error: expected member name following '.'
youth and age are equally a burden.
                                  ^
server//synchronous-concurrency/swift/input.txt:201:40: error: expected 'in' after for-each pattern
men’s characters and tempers; for he who is of a calm and happy nature will
server//synchronous-concurrency/swift/input.txt:201:50: error: expected '{' to start the body of for-each loop
men’s characters and tempers; for he who is of a calm and happy nature will
server//synchronous-concurrency/swift/input.txt:203:35: error: expected member name following '.'
youth and age are equally a burden.
                                  ^
server//synchronous-concurrency/swift/input.txt:204:76: error: invalid character in source file
I listened in admiration, and wanting to draw him out, that he might go on –Yes,
server//synchronous-concurrency/swift/input.txt:208:30: error: expected member name following '.'
known to be a great comforter.
                             ^
server//synchronous-concurrency/swift/input.txt:210:53: error: extraneous whitespace after '.' is not permitted
what they say; not, however, so much as they imagine. I might answer them
                                                    ^~
                                                     
server//synchronous-concurrency/swift/input.txt:212:71: error: invalid character in source file
he was famous, not for his own merits but because he was an Athenian: ’If you
server//synchronous-concurrency/swift/input.txt:214:8: error: invalid character in source file
famous.’ And to those who are not rich and are impatient of old age, the same
server//synchronous-concurrency/swift/input.txt:212:28: error: expected ';' in 'for' statement
he was famous, not for his own merits but because he was an Athenian: ’If you
server//synchronous-concurrency/swift/input.txt:212:32: error: expected ';' in 'for' statement
he was famous, not for his own merits but because he was an Athenian: ’If you
server//synchronous-concurrency/swift/input.txt:212:39: error: expected '{' in 'for' statement
he was famous, not for his own merits but because he was an Athenian: ’If you
server//synchronous-concurrency/swift/input.txt:212:71: error: invalid character in source file
he was famous, not for his own merits but because he was an Athenian: ’If you
server//synchronous-concurrency/swift/input.txt:212:71: error: invalid character in source file
he was famous, not for his own merits but because he was an Athenian: ’If you
server//synchronous-concurrency/swift/input.txt:214:8: error: invalid character in source file
famous.’ And to those who are not rich and are impatient of old age, the same
server//synchronous-concurrency/swift/input.txt:216:52: error: expected member name following '.'
nor can a bad rich man ever have peace with himself.
                                                   ^
server//synchronous-concurrency/swift/input.txt:221:24: error: expected member name following '.'
PERSONS OF THE DIALOGUE.
                       ^
server//synchronous-concurrency/swift/input.txt:222:30: error: expected member name following '.'
Socrates, who is the narrator.
                             ^
server//synchronous-concurrency/swift/input.txt:223:8: error: expected member name following '.'
Glaucon.
       ^
server//synchronous-concurrency/swift/input.txt:224:11: error: expected member name following '.'
Adeimantus.
          ^
server//synchronous-concurrency/swift/input.txt:225:12: error: expected member name following '.'
Polemarchus.
           ^
server//synchronous-concurrency/swift/input.txt:226:9: error: expected member name following '.'
Cephalus.
        ^
server//synchronous-concurrency/swift/input.txt:227:13: error: expected member name following '.'
Thrasymachus.
            ^
server//synchronous-concurrency/swift/input.txt:228:11: error: expected member name following '.'
Cleitophon.
          ^
server//synchronous-concurrency/swift/input.txt:229:33: error: expected member name following '.'
And others who are mute auditors.
                                ^
server//synchronous-concurrency/swift/input.txt:215:27: error: expected 'in' after for-each pattern
reply may be made; for to the good poor man old age cannot be a light burden,
                          ^
server//synchronous-concurrency/swift/input.txt:215:31: error: expected '{' to start the body of for-each loop
reply may be made; for to the good poor man old age cannot be a light burden,
                              ^
server//synchronous-concurrency/swift/input.txt:216:52: error: expected member name following '.'
nor can a bad rich man ever have peace with himself.
                                                   ^
server//synchronous-concurrency/swift/input.txt:221:24: error: expected member name following '.'
PERSONS OF THE DIALOGUE.
                       ^
server//synchronous-concurrency/swift/input.txt:222:30: error: expected member name following '.'
Socrates, who is the narrator.
                             ^
server//synchronous-concurrency/swift/input.txt:223:8: error: expected member name following '.'
Glaucon.
       ^
server//synchronous-concurrency/swift/input.txt:224:11: error: expected member name following '.'
Adeimantus.
          ^
server//synchronous-concurrency/swift/input.txt:225:12: error: expected member name following '.'
Polemarchus.
           ^
server//synchronous-concurrency/swift/input.txt:226:9: error: expected member name following '.'
Cephalus.
        ^
server//synchronous-concurrency/swift/input.txt:227:13: error: expected member name following '.'
Thrasymachus.
            ^
server//synchronous-concurrency/swift/input.txt:228:11: error: expected member name following '.'
Cleitophon.
          ^
server//synchronous-concurrency/swift/input.txt:229:33: error: expected member name following '.'
And others who are mute auditors.
                                ^
server//synchronous-concurrency/swift/input.txt:232:79: error: expected member name following '.'
Hermocrates, Critias, and a nameless person, who are introduced in the Timaeus.
                                                                              ^
server//synchronous-concurrency/swift/input.txt:234:71: error: expected member name following '.'
might offer up my prayers to the goddess (Bendis, the Thracian Artemis.); and
                                                                      ^
server//synchronous-concurrency/swift/input.txt:236:22: error: extraneous whitespace after '.' is not permitted
which was a new thing. I was delighted with the procession of the inhabitants;
                     ^~
                      
server//synchronous-concurrency/swift/input.txt:237:47: error: expected '{' after 'if' condition
but that of the Thracians was equally, if not more, beautiful. When we had
                                              ^
server//synchronous-concurrency/swift/input.txt:237:62: error: extraneous whitespace after '.' is not permitted
but that of the Thracians was equally, if not more, beautiful. When we had
                                                             ^~
                                                              
server//synchronous-concurrency/swift/input.txt:241:31: error: extraneous whitespace after '.' is not permitted
to run and bid us wait for him. The servant took hold of me by the cloak behind,
                              ^~
                               
server//synchronous-concurrency/swift/input.txt:242:42: error: expected member name following '.'
and said: Polemarchus desires you to wait.
                                         ^
server//synchronous-concurrency/swift/input.txt:243:51: error: expected member name following '.'
I turned round, and asked him where his master was.
                                                  ^
server//synchronous-concurrency/swift/input.txt:244:69: error: expected member name following '.'
There he is, said the youth, coming after you, if you will only wait.
                                                                    ^
server//synchronous-concurrency/swift/input.txt:241:31: error: extraneous whitespace after '.' is not permitted
to run and bid us wait for him. The servant took hold of me by the cloak behind,
                              ^~
                               
server//synchronous-concurrency/swift/input.txt:241:37: error: expected ';' in 'for' statement
to run and bid us wait for him. The servant took hold of me by the cloak behind,
                                    ^
server//synchronous-concurrency/swift/input.txt:241:45: error: expected ';' in 'for' statement
to run and bid us wait for him. The servant took hold of me by the cloak behind,
                                            ^
server//synchronous-concurrency/swift/input.txt:241:50: error: expected '{' in 'for' statement
to run and bid us wait for him. The servant took hold of me by the cloak behind,
                                                 ^
server//synchronous-concurrency/swift/input.txt:242:42: error: expected member name following '.'
and said: Polemarchus desires you to wait.
                                         ^
server//synchronous-concurrency/swift/input.txt:243:51: error: expected member name following '.'
I turned round, and asked him where his master was.
                                                  ^
server//synchronous-concurrency/swift/input.txt:244:55: error: expected '{' after 'if' condition
There he is, said the youth, coming after you, if you will only wait.
                                                      ^
server//synchronous-concurrency/swift/input.txt:244:69: error: expected member name following '.'
There he is, said the youth, coming after you, if you will only wait.
                                                                    ^
server//synchronous-concurrency/swift/input.txt:246:33: error: invalid character in source file
and with him Adeimantus, Glaucon’s brother, Niceratus the son of Nicias, and
server//synchronous-concurrency/swift/input.txt:247:46: error: expected member name following '.'
several others who had been at the procession.
                                             ^
server//synchronous-concurrency/swift/input.txt:249:32: error: expected member name following '.'
already on your way to the city.
                               ^
server//synchronous-concurrency/swift/input.txt:250:30: error: expected member name following '.'
You are not far wrong, I said.
                             ^
server//synchronous-concurrency/swift/input.txt:251:8: error: expected '{' after 'do'
But do you see, he rejoined, how many we are?
       ^
server//synchronous-concurrency/swift/input.txt:252:10: error: expected member name following '.'
Of course.
         ^
server//synchronous-concurrency/swift/input.txt:254:8: error: expected member name following '.'
you are.
       ^
server//synchronous-concurrency/swift/input.txt:256:64: error: expected member name following '.'
But can you persuade us, if we refuse to listen to you? he said.
                                                               ^
server//synchronous-concurrency/swift/input.txt:257:31: error: expected member name following '.'
Certainly not, replied Glaucon.
                              ^
server//synchronous-concurrency/swift/input.txt:253:42: error: expected initialization in a 'for' statement
And are you stronger than all these? for if not, you will have to remain where
                                         ^
server//synchronous-concurrency/swift/input.txt:253:54: error: expected '{' after 'if' condition
And are you stronger than all these? for if not, you will have to remain where
                                                     ^
server//synchronous-concurrency/swift/input.txt:254:8: error: expected member name following '.'
you are.
       ^
server//synchronous-concurrency/swift/input.txt:255:77: error: consecutive statements on a line must be separated by ';'
May there not be the alternative, I said, that we may persuade you to let us go?
                                                                            ^
                                                                            ;
server//synchronous-concurrency/swift/input.txt:255:75: error: type annotation missing in pattern
May there not be the alternative, I said, that we may persuade you to let us go?
                                                                          ^
server//synchronous-concurrency/swift/input.txt:171:1: error: use of unresolved identifier 'tell'
tell you, that the more the pleasures of the body fade away, the greater to me
^~~~
server//synchronous-concurrency/swift/input.txt:171:6: error: use of unresolved identifier 'you'
tell you, that the more the pleasures of the body fade away, the greater to me
     ^~~
server//synchronous-concurrency/swift/input.txt:175:39: error: use of unresolved identifier 'my'
I replied: There is nothing which for my part I like better, Cephalus, than conversing
                                      ^~
server//synchronous-concurrency/swift/input.txt:62:80: note: did you mean 'me'?
get to the city, and therefore you should come oftener to the Piraeus. For let me
                                                                               ^
server//synchronous-concurrency/swift/input.txt:170:80: note: did you mean 'me'?
get to the city, and therefore you should come oftener to the Piraeus. For let me
                                                                               ^
server//synchronous-concurrency/swift/input.txt:175:42: error: use of unresolved identifier 'part'
I replied: There is nothing which for my part I like better, Cephalus, than conversing
                                         ^~~~
server//synchronous-concurrency/swift/input.txt:175:47: error: use of unresolved identifier 'I'
I replied: There is nothing which for my part I like better, Cephalus, than conversing
                                              ^
server//synchronous-concurrency/swift/input.txt:176:20: error: use of unresolved identifier 'I'
with aged men; for I regard them as travellers who have gone a journey
                   ^
server//synchronous-concurrency/swift/input.txt:176:22: error: use of unresolved identifier 'regard'
with aged men; for I regard them as travellers who have gone a journey
                     ^~~~~~
server//synchronous-concurrency/swift/input.txt:176:29: error: use of unresolved identifier 'them'
with aged men; for I regard them as travellers who have gone a journey
                            ^~~~
server//synchronous-concurrency/swift/input.txt:189:38: error: use of unresolved identifier 'old'
which is not really in fault. For if old age were the cause, I too being old, and
                                     ^~~
Swift.Void:20:18: note: did you mean 'Void'?
public typealias Void = ()
                 ^
server//synchronous-concurrency/swift/input.txt:194:54: error: use of unresolved identifier 'I'
I escaped the thing of which you speak; I feel as if I had escaped from a mad
                                                     ^
server//synchronous-concurrency/swift/input.txt:201:40: error: use of unresolved identifier 'who'
men’s characters and tempers; for he who is of a calm and happy nature will
server//synchronous-concurrency/swift/input.txt:212:24: error: use of unresolved identifier 'his'
he was famous, not for his own merits but because he was an Athenian: ’If you
server//synchronous-concurrency/swift/input.txt:212:28: error: use of unresolved identifier 'own'
he was famous, not for his own merits but because he was an Athenian: ’If you
server//synchronous-concurrency/swift/input.txt:212:32: error: use of unresolved identifier 'merits'
he was famous, not for his own merits but because he was an Athenian: ’If you
server//synchronous-concurrency/swift/input.txt:215:27: error: use of unresolved identifier 'the'
reply may be made; for to the good poor man old age cannot be a light burden,
                          ^~~
server//synchronous-concurrency/swift/input.txt:237:43: error: use of unresolved identifier 'not'
but that of the Thracians was equally, if not more, beautiful. When we had
                                          ^~~
server//synchronous-concurrency/swift/input.txt:241:28: error: use of unresolved identifier 'him'
to run and bid us wait for him. The servant took hold of me by the cloak behind,
                           ^~~
server//synchronous-concurrency/swift/input.txt:241:37: error: use of unresolved identifier 'servant'
to run and bid us wait for him. The servant took hold of me by the cloak behind,
                                    ^~~~~~~
server//synchronous-concurrency/swift/input.txt:241:45: error: use of unresolved identifier 'took'
to run and bid us wait for him. The servant took hold of me by the cloak behind,
                                            ^~~~
Swift.Bool:41:15: note: did you mean 'Bool'?
public struct Bool {
              ^
server//synchronous-concurrency/swift/input.txt:244:51: error: use of unresolved identifier 'you'
There he is, said the youth, coming after you, if you will only wait.
                                                  ^~~
server//synchronous-concurrency/swift/input.txt:253:45: error: use of unresolved identifier 'not'
And are you stronger than all these? for if not, you will have to remain where
                                            ^~~
server//synchronous-concurrency/swift/input.txt:253:50: error: use of unresolved identifier 'you'
And are you stronger than all these? for if not, you will have to remain where
                                                 ^~~
server//synchronous-concurrency/swift/input.txt:255:78: error: use of unresolved identifier 'go'
May there not be the alternative, I said, that we may persuade you to let us go?
                                                                             ^~
server//synchronous-concurrency/swift/input.txt:256:4: error: consecutive statements on a line must be separated by ';'
But can you persuade us, if we refuse to listen to you? he said.
   ^
   ;
server//synchronous-concurrency/swift/input.txt:256:8: error: consecutive statements on a line must be separated by ';'
But can you persuade us, if we refuse to listen to you? he said.
       ^
       ;
server//synchronous-concurrency/swift/input.txt:256:12: error: consecutive statements on a line must be separated by ';'
But can you persuade us, if we refuse to listen to you? he said.
           ^
           ;
server//synchronous-concurrency/swift/input.txt:256:21: error: consecutive statements on a line must be separated by ';'
But can you persuade us, if we refuse to listen to you? he said.
                    ^
                    ;
server//synchronous-concurrency/swift/input.txt:256:24: error: consecutive statements on a line must be separated by ';'
But can you persuade us, if we refuse to listen to you? he said.
                       ^
                       ;
server//synchronous-concurrency/swift/input.txt:256:24: error: expected expression
But can you persuade us, if we refuse to listen to you? he said.
                       ^
server//synchronous-concurrency/swift/input.txt:256:32: error: expected '{' after 'if' condition
But can you persuade us, if we refuse to listen to you? he said.
                               ^
server//synchronous-concurrency/swift/input.txt:256:64: error: expected member name following '.'
But can you persuade us, if we refuse to listen to you? he said.
                                                               ^
server//synchronous-concurrency/swift/input.txt:257:31: error: expected member name following '.'
Certainly not, replied Glaucon.
                              ^
server//synchronous-concurrency/swift/input.txt:258:60: error: expected member name following '.'
Then we are not going to listen; of that you may be assured.
                                                           ^
server//synchronous-concurrency/swift/input.txt:261:42: error: extraneous whitespace after '.' is not permitted
With horses! I replied: That is a novelty. Will horsemen carry torches and pass
                                         ^~
                                          
server//synchronous-concurrency/swift/input.txt:264:33: error: extraneous whitespace after '.' is not permitted
which you certainly ought to see. Let us rise soon after supper and see this
                                ^~
                                 
server//synchronous-concurrency/swift/input.txt:265:79: error: expected member name following '.'
festival; there will be a gathering of young men, and we will have a good talk.
                                                                              ^
server//synchronous-concurrency/swift/input.txt:266:19: error: expected '{' after 'do'
Stay then, and do not be perverse.
                  ^
server//synchronous-concurrency/swift/input.txt:266:34: error: expected member name following '.'
Stay then, and do not be perverse.
                                 ^
server//synchronous-concurrency/swift/input.txt:267:56: error: expected member name following '.'
Glaucon said: I suppose, since you insist, that we must.
                                                       ^
server//synchronous-concurrency/swift/input.txt:268:21: error: expected member name following '.'
Very good, I replied.
                    ^
server//synchronous-concurrency/swift/input.txt:271:65: error: expected member name following '.'
Charmantides the Paeanian, and Cleitophon the son of Aristonymus.
                                                                ^
server//synchronous-concurrency/swift/input.txt:273:44: error: extraneous whitespace after '.' is not permitted
long time, and I thought him very much aged. He was seated on a cushioned
                                           ^~
                                            
server//synchronous-concurrency/swift/input.txt:273:1: error: expected 'in' after for-each pattern
long time, and I thought him very much aged. He was seated on a cushioned
^
server//synchronous-concurrency/swift/input.txt:273:6: error: expected '{' to start the body of for-each loop
long time, and I thought him very much aged. He was seated on a cushioned
     ^
server//synchronous-concurrency/swift/input.txt:273:44: error: extraneous whitespace after '.' is not permitted
long time, and I thought him very much aged. He was seated on a cushioned
                                           ^~
                                            
server//synchronous-concurrency/swift/input.txt:274:46: error: expected 'in' after for-each pattern
chair, and had a garland on his head, for he had been sacrificing in the court;
                                             ^
server//synchronous-concurrency/swift/input.txt:274:50: error: expected '{' to start the body of for-each loop
chair, and had a garland on his head, for he had been sacrificing in the court;
                                                 ^
server//synchronous-concurrency/swift/input.txt:276:25: error: extraneous whitespace after '.' is not permitted
which we sat down by him. He saluted me eagerly, and then he said:–
server//synchronous-concurrency/swift/input.txt:276:67: error: invalid character in source file
which we sat down by him. He saluted me eagerly, and then he said:–
server//synchronous-concurrency/swift/input.txt:276:67: error: invalid character in source file
which we sat down by him. He saluted me eagerly, and then he said:–
server//synchronous-concurrency/swift/input.txt:277:8: error: invalid character in source file
You don’t come to see me, Socrates, as often as you ought: If I were still able to
server//synchronous-concurrency/swift/input.txt:278:49: error: extraneous whitespace after '.' is not permitted
go and see you I would not ask you to come to me. But at my age I can hardly
                                                ^~
                                                 
server//synchronous-concurrency/swift/input.txt:279:70: error: extraneous whitespace after '.' is not permitted
get to the city, and therefore you should come oftener to the Piraeus. For let me
                                                                     ^~
                                                                      
server//synchronous-concurrency/swift/input.txt:279:80: error: type annotation missing in pattern
get to the city, and therefore you should come oftener to the Piraeus. For let me
                                                                               ^
server//synchronous-concurrency/swift/input.txt:256:1: error: use of unresolved identifier 'But'
But can you persuade us, if we refuse to listen to you? he said.
^~~
Swift.Bit:2:13: note: did you mean 'Bit'?
public enum Bit {
            ^
server//synchronous-concurrency/swift/input.txt:256:5: error: use of unresolved identifier 'can'
But can you persuade us, if we refuse to listen to you? he said.
    ^~~
server//synchronous-concurrency/swift/input.txt:256:9: error: use of unresolved identifier 'you'
But can you persuade us, if we refuse to listen to you? he said.
        ^~~
server//synchronous-concurrency/swift/input.txt:256:13: error: use of unresolved identifier 'persuade'
But can you persuade us, if we refuse to listen to you? he said.
            ^~~~~~~~
server//synchronous-concurrency/swift/input.txt:256:29: error: use of unresolved identifier 'we'
But can you persuade us, if we refuse to listen to you? he said.
                            ^~
server//synchronous-concurrency/swift/input.txt:62:80: note: did you mean 'me'?
get to the city, and therefore you should come oftener to the Piraeus. For let me
                                                                               ^
server//synchronous-concurrency/swift/input.txt:170:80: note: did you mean 'me'?
get to the city, and therefore you should come oftener to the Piraeus. For let me
                                                                               ^
server//synchronous-concurrency/swift/input.txt:279:80: note: did you mean 'me'?
get to the city, and therefore you should come oftener to the Piraeus. For let me
                                                                               ^
server//synchronous-concurrency/swift/input.txt:273:1: error: use of unresolved identifier 'long'
long time, and I thought him very much aged. He was seated on a cushioned
^~~~
Swift.CLong:2:18: note: did you mean 'CLong'?
public typealias CLong = Int
                 ^
Swift._log:1:13: note: did you mean '_log'?
public func _log(_ x: Float) -> Float
            ^
Swift._log:1:13: note: did you mean '_log'?
public func _log(_ x: Double) -> Double
            ^
server//synchronous-concurrency/swift/input.txt:274:46: error: use of unresolved identifier 'had'
chair, and had a garland on his head, for he had been sacrificing in the court;
                                             ^~~
server//synchronous-concurrency/swift/input.txt:280:5: error: consecutive statements on a line must be separated by ';'
tell you, that the more the pleasures of the body fade away, the greater to me
    ^
    ;
server//synchronous-concurrency/swift/input.txt:280:9: error: consecutive statements on a line must be separated by ';'
tell you, that the more the pleasures of the body fade away, the greater to me
        ^
        ;
server//synchronous-concurrency/swift/input.txt:280:9: error: expected expression
tell you, that the more the pleasures of the body fade away, the greater to me
        ^
server//synchronous-concurrency/swift/input.txt:281:42: error: extraneous whitespace after '.' is not permitted
is the pleasure and charm of conversation. Do not then deny my request, but
                                         ^~
                                          
server//synchronous-concurrency/swift/input.txt:283:51: error: expected member name following '.'
old friends, and you will be quite at home with us.
                                                  ^
server//synchronous-concurrency/swift/input.txt:284:42: error: expected ';' in 'for' statement
I replied: There is nothing which for my part I like better, Cephalus, than conversing
                                         ^
server//synchronous-concurrency/swift/input.txt:284:47: error: expected ';' in 'for' statement
I replied: There is nothing which for my part I like better, Cephalus, than conversing
                                              ^
server//synchronous-concurrency/swift/input.txt:284:49: error: expected '{' in 'for' statement
I replied: There is nothing which for my part I like better, Cephalus, than conversing
                                                ^
server//synchronous-concurrency/swift/input.txt:287:41: error: extraneous whitespace after '.' is not permitted
smooth and easy, or rugged and difficult. And this is a question which I should
                                        ^~
                                         
server//synchronous-concurrency/swift/input.txt:288:75: error: invalid character in source file
like to ask of you who have arrived at that time which the poets call the ’threshold
server//synchronous-concurrency/swift/input.txt:289:11: error: invalid character in source file
of old age’–Is life harder towards the end, or what report do you give
server//synchronous-concurrency/swift/input.txt:289:14: error: invalid character in source file
of old age’–Is life harder towards the end, or what report do you give
server//synchronous-concurrency/swift/input.txt:291:59: error: extraneous whitespace after '.' is not permitted
I will tell you, Socrates, he said, what my own feeling is. Men of my age flock
                                                          ^~
                                                           
server//synchronous-concurrency/swift/input.txt:285:22: error: expected ';' in 'for' statement
with aged men; for I regard them as travellers who have gone a journey
                     ^
server//synchronous-concurrency/swift/input.txt:285:29: error: expected ';' in 'for' statement
with aged men; for I regard them as travellers who have gone a journey
                            ^
server//synchronous-concurrency/swift/input.txt:285:48: error: expected '{' in 'for' statement
with aged men; for I regard them as travellers who have gone a journey
                                               ^
server//synchronous-concurrency/swift/input.txt:287:41: error: extraneous whitespace after '.' is not permitted
smooth and easy, or rugged and difficult. And this is a question which I should
                                        ^~
                                         
server//synchronous-concurrency/swift/input.txt:288:75: error: invalid character in source file
like to ask of you who have arrived at that time which the poets call the ’threshold
server//synchronous-concurrency/swift/input.txt:289:11: error: invalid character in source file
of old age’–Is life harder towards the end, or what report do you give
server//synchronous-concurrency/swift/input.txt:289:14: error: invalid character in source file
of old age’–Is life harder towards the end, or what report do you give
server//synchronous-concurrency/swift/input.txt:289:67: error: expected '{' after 'do'
of old age’–Is life harder towards the end, or what report do you give
server//synchronous-concurrency/swift/input.txt:291:59: error: extraneous whitespace after '.' is not permitted
I will tell you, Socrates, he said, what my own feeling is. Men of my age flock
                                                          ^~
                                                           
server//synchronous-concurrency/swift/input.txt:293:41: error: invalid character in source file
the tale of my acquaintance commonly is –I cannot eat, I cannot drink; the pleasures
server//synchronous-concurrency/swift/input.txt:295:41: error: extraneous whitespace after '.' is not permitted
that is gone, and life is no longer life. Some complain of the slights which are
                                        ^~
                                         
server//synchronous-concurrency/swift/input.txt:297:21: error: extraneous whitespace after '.' is not permitted
old age is the cause. But to me, Socrates, these complainers seem to blame that
                    ^~
                     
server//synchronous-concurrency/swift/input.txt:298:29: error: extraneous whitespace after '.' is not permitted
which is not really in fault. For if old age were the cause, I too being old, and
                            ^~
                             
server//synchronous-concurrency/swift/input.txt:298:42: error: expected '{' after 'if' condition
which is not really in fault. For if old age were the cause, I too being old, and
                                         ^
server//synchronous-concurrency/swift/input.txt:299:48: error: extraneous whitespace after '.' is not permitted
every other old man, would have felt as they do. But this is not my own experience,
                                               ^~
                                                
server//synchronous-concurrency/swift/input.txt:299:48: error: expected '{' after 'do'
every other old man, would have felt as they do. But this is not my own experience,
                                               ^
server//synchronous-concurrency/swift/input.txt:300:37: error: extraneous whitespace after '.' is not permitted
nor that of others whom I have known. How well I remember the aged
                                    ^~
                                     
server//synchronous-concurrency/swift/input.txt:302:11: error: invalid character in source file
Sophocles,–are you still the man you were? Peace, he replied; most gladly have
server//synchronous-concurrency/swift/input.txt:303:56: error: expected '{' after 'if' condition
I escaped the thing of which you speak; I feel as if I had escaped from a mad
                                                       ^
server//synchronous-concurrency/swift/input.txt:304:19: error: extraneous whitespace after '.' is not permitted
and furious master. His words have often occurred to my mind since, and they
                  ^~
                   
server//synchronous-concurrency/swift/input.txt:305:59: error: extraneous whitespace after '.' is not permitted
seem as good to me now as at the time when he uttered them. For certainly old
                                                          ^~
                                                           
server//synchronous-concurrency/swift/input.txt:308:12: error: extraneous whitespace after '.' is not permitted
but of many. The truth is, Socrates, that these regrets, and also the complaints
           ^~
            
server//synchronous-concurrency/swift/input.txt:310:4: error: invalid character in source file
men’s characters and tempers; for he who is of a calm and happy nature will
server//synchronous-concurrency/swift/input.txt:312:35: error: expected member name following '.'
youth and age are equally a burden.
                                  ^
server//synchronous-concurrency/swift/input.txt:310:40: error: expected 'in' after for-each pattern
men’s characters and tempers; for he who is of a calm and happy nature will
server//synchronous-concurrency/swift/input.txt:310:50: error: expected '{' to start the body of for-each loop
men’s characters and tempers; for he who is of a calm and happy nature will
server//synchronous-concurrency/swift/input.txt:312:35: error: expected member name following '.'
youth and age are equally a burden.
                                  ^
server//synchronous-concurrency/swift/input.txt:313:76: error: invalid character in source file
I listened in admiration, and wanting to draw him out, that he might go on –Yes,
server//synchronous-concurrency/swift/input.txt:317:30: error: expected member name following '.'
known to be a great comforter.
                             ^
server//synchronous-concurrency/swift/input.txt:319:53: error: extraneous whitespace after '.' is not permitted
what they say; not, however, so much as they imagine. I might answer them
                                                    ^~
                                                     
server//synchronous-concurrency/swift/input.txt:321:71: error: invalid character in source file
he was famous, not for his own merits but because he was an Athenian: ’If you
server//synchronous-concurrency/swift/input.txt:323:8: error: invalid character in source file
famous.’ And to those who are not rich and are impatient of old age, the same
server//synchronous-concurrency/swift/input.txt:321:28: error: expected ';' in 'for' statement
he was famous, not for his own merits but because he was an Athenian: ’If you
server//synchronous-concurrency/swift/input.txt:321:32: error: expected ';' in 'for' statement
he was famous, not for his own merits but because he was an Athenian: ’If you
server//synchronous-concurrency/swift/input.txt:321:39: error: expected '{' in 'for' statement
he was famous, not for his own merits but because he was an Athenian: ’If you
server//synchronous-concurrency/swift/input.txt:321:71: error: invalid character in source file
he was famous, not for his own merits but because he was an Athenian: ’If you
server//synchronous-concurrency/swift/input.txt:321:71: error: invalid character in source file
he was famous, not for his own merits but because he was an Athenian: ’If you
server//synchronous-concurrency/swift/input.txt:323:8: error: invalid character in source file
famous.’ And to those who are not rich and are impatient of old age, the same
server//synchronous-concurrency/swift/input.txt:325:52: error: expected member name following '.'
nor can a bad rich man ever have peace with himself.
                                                   ^
server//synchronous-concurrency/swift/input.txt:329:24: error: expected member name following '.'
PERSONS OF THE DIALOGUE.
                       ^
server//synchronous-concurrency/swift/input.txt:330:30: error: expected member name following '.'
Socrates, who is the narrator.
                             ^
server//synchronous-concurrency/swift/input.txt:331:8: error: expected member name following '.'
Glaucon.
       ^
server//synchronous-concurrency/swift/input.txt:332:11: error: expected member name following '.'
Adeimantus.
          ^
server//synchronous-concurrency/swift/input.txt:333:12: error: expected member name following '.'
Polemarchus.
           ^
server//synchronous-concurrency/swift/input.txt:334:9: error: expected member name following '.'
Cephalus.
        ^
server//synchronous-concurrency/swift/input.txt:335:13: error: expected member name following '.'
Thrasymachus.
            ^
server//synchronous-concurrency/swift/input.txt:336:11: error: expected member name following '.'
Cleitophon.
          ^
server//synchronous-concurrency/swift/input.txt:337:33: error: expected member name following '.'
And others who are mute auditors.
                                ^
server//synchronous-concurrency/swift/input.txt:324:27: error: expected 'in' after for-each pattern
reply may be made; for to the good poor man old age cannot be a light burden,
                          ^
server//synchronous-concurrency/swift/input.txt:324:31: error: expected '{' to start the body of for-each loop
reply may be made; for to the good poor man old age cannot be a light burden,
                              ^
server//synchronous-concurrency/swift/input.txt:325:52: error: expected member name following '.'
nor can a bad rich man ever have peace with himself.
                                                   ^
server//synchronous-concurrency/swift/input.txt:329:24: error: expected member name following '.'
PERSONS OF THE DIALOGUE.
                       ^
server//synchronous-concurrency/swift/input.txt:330:30: error: expected member name following '.'
Socrates, who is the narrator.
                             ^
server//synchronous-concurrency/swift/input.txt:331:8: error: expected member name following '.'
Glaucon.
       ^
server//synchronous-concurrency/swift/input.txt:332:11: error: expected member name following '.'
Adeimantus.
          ^
server//synchronous-concurrency/swift/input.txt:333:12: error: expected member name following '.'
Polemarchus.
           ^
server//synchronous-concurrency/swift/input.txt:334:9: error: expected member name following '.'
Cephalus.
        ^
server//synchronous-concurrency/swift/input.txt:335:13: error: expected member name following '.'
Thrasymachus.
            ^
server//synchronous-concurrency/swift/input.txt:336:11: error: expected member name following '.'
Cleitophon.
          ^
server//synchronous-concurrency/swift/input.txt:337:33: error: expected member name following '.'
And others who are mute auditors.
                                ^
server//synchronous-concurrency/swift/input.txt:340:79: error: expected member name following '.'
Hermocrates, Critias, and a nameless person, who are introduced in the Timaeus.
                                                                              ^
server//synchronous-concurrency/swift/input.txt:342:71: error: expected member name following '.'
might offer up my prayers to the goddess (Bendis, the Thracian Artemis.); and
                                                                      ^
server//synchronous-concurrency/swift/input.txt:344:22: error: extraneous whitespace after '.' is not permitted
which was a new thing. I was delighted with the procession of the inhabitants;
                     ^~
                      
server//synchronous-concurrency/swift/input.txt:345:47: error: expected '{' after 'if' condition
but that of the Thracians was equally, if not more, beautiful. When we had
                                              ^
server//synchronous-concurrency/swift/input.txt:345:62: error: extraneous whitespace after '.' is not permitted
but that of the Thracians was equally, if not more, beautiful. When we had
                                                             ^~
                                                              
server//synchronous-concurrency/swift/input.txt:349:31: error: extraneous whitespace after '.' is not permitted
to run and bid us wait for him. The servant took hold of me by the cloak behind,
                              ^~
                               
server//synchronous-concurrency/swift/input.txt:350:42: error: expected member name following '.'
and said: Polemarchus desires you to wait.
                                         ^
server//synchronous-concurrency/swift/input.txt:351:51: error: expected member name following '.'
I turned round, and asked him where his master was.
                                                  ^
server//synchronous-concurrency/swift/input.txt:352:69: error: expected member name following '.'
There he is, said the youth, coming after you, if you will only wait.
                                                                    ^
server//synchronous-concurrency/swift/input.txt:349:31: error: extraneous whitespace after '.' is not permitted
to run and bid us wait for him. The servant took hold of me by the cloak behind,
                              ^~
                               
server//synchronous-concurrency/swift/input.txt:349:37: error: expected ';' in 'for' statement
to run and bid us wait for him. The servant took hold of me by the cloak behind,
                                    ^
server//synchronous-concurrency/swift/input.txt:349:45: error: expected ';' in 'for' statement
to run and bid us wait for him. The servant took hold of me by the cloak behind,
                                            ^
server//synchronous-concurrency/swift/input.txt:349:50: error: expected '{' in 'for' statement
to run and bid us wait for him. The servant took hold of me by the cloak behind,
                                                 ^
server//synchronous-concurrency/swift/input.txt:350:42: error: expected member name following '.'
and said: Polemarchus desires you to wait.
                                         ^
server//synchronous-concurrency/swift/input.txt:351:51: error: expected member name following '.'
I turned round, and asked him where his master was.
                                                  ^
server//synchronous-concurrency/swift/input.txt:352:55: error: expected '{' after 'if' condition
There he is, said the youth, coming after you, if you will only wait.
                                                      ^
server//synchronous-concurrency/swift/input.txt:352:69: error: expected member name following '.'
There he is, said the youth, coming after you, if you will only wait.
                                                                    ^
server//synchronous-concurrency/swift/input.txt:354:33: error: invalid character in source file
and with him Adeimantus, Glaucon’s brother, Niceratus the son of Nicias, and
server//synchronous-concurrency/swift/input.txt:355:46: error: expected member name following '.'
several others who had been at the procession.
                                             ^
server//synchronous-concurrency/swift/input.txt:357:32: error: expected member name following '.'
already on your way to the city.
                               ^
server//synchronous-concurrency/swift/input.txt:358:30: error: expected member name following '.'
You are not far wrong, I said.
                             ^
server//synchronous-concurrency/swift/input.txt:359:8: error: expected '{' after 'do'
But do you see, he rejoined, how many we are?
       ^
server//synchronous-concurrency/swift/input.txt:360:10: error: expected member name following '.'
Of course.
         ^
server//synchronous-concurrency/swift/input.txt:362:8: error: expected member name following '.'
you are.
       ^
server//synchronous-concurrency/swift/input.txt:364:64: error: expected member name following '.'
But can you persuade us, if we refuse to listen to you? he said.
                                                               ^
server//synchronous-concurrency/swift/input.txt:365:31: error: expected member name following '.'
Certainly not, replied Glaucon.
                              ^
server//synchronous-concurrency/swift/input.txt:361:42: error: expected initialization in a 'for' statement
And are you stronger than all these? for if not, you will have to remain where
                                         ^
server//synchronous-concurrency/swift/input.txt:361:54: error: expected '{' after 'if' condition
And are you stronger than all these? for if not, you will have to remain where
                                                     ^
server//synchronous-concurrency/swift/input.txt:362:8: error: expected member name following '.'
you are.
       ^
server//synchronous-concurrency/swift/input.txt:363:77: error: consecutive statements on a line must be separated by ';'
May there not be the alternative, I said, that we may persuade you to let us go?
                                                                            ^
                                                                            ;
server//synchronous-concurrency/swift/input.txt:363:75: error: type annotation missing in pattern
May there not be the alternative, I said, that we may persuade you to let us go?
                                                                          ^
server//synchronous-concurrency/swift/input.txt:280:1: error: use of unresolved identifier 'tell'
tell you, that the more the pleasures of the body fade away, the greater to me
^~~~
server//synchronous-concurrency/swift/input.txt:280:6: error: use of unresolved identifier 'you'
tell you, that the more the pleasures of the body fade away, the greater to me
     ^~~
server//synchronous-concurrency/swift/input.txt:284:39: error: use of unresolved identifier 'my'
I replied: There is nothing which for my part I like better, Cephalus, than conversing
                                      ^~
server//synchronous-concurrency/swift/input.txt:62:80: note: did you mean 'me'?
get to the city, and therefore you should come oftener to the Piraeus. For let me
                                                                               ^
server//synchronous-concurrency/swift/input.txt:170:80: note: did you mean 'me'?
get to the city, and therefore you should come oftener to the Piraeus. For let me
                                                                               ^
server//synchronous-concurrency/swift/input.txt:279:80: note: did you mean 'me'?
get to the city, and therefore you should come oftener to the Piraeus. For let me
                                                                               ^
server//synchronous-concurrency/swift/input.txt:284:42: error: use of unresolved identifier 'part'
I replied: There is nothing which for my part I like better, Cephalus, than conversing
                                         ^~~~
server//synchronous-concurrency/swift/input.txt:284:47: error: use of unresolved identifier 'I'
I replied: There is nothing which for my part I like better, Cephalus, than conversing
                                              ^
server//synchronous-concurrency/swift/input.txt:285:20: error: use of unresolved identifier 'I'
with aged men; for I regard them as travellers who have gone a journey
                   ^
server//synchronous-concurrency/swift/input.txt:285:22: error: use of unresolved identifier 'regard'
with aged men; for I regard them as travellers who have gone a journey
                     ^~~~~~
server//synchronous-concurrency/swift/input.txt:285:29: error: use of unresolved identifier 'them'
with aged men; for I regard them as travellers who have gone a journey
                            ^~~~
server//synchronous-concurrency/swift/input.txt:298:38: error: use of unresolved identifier 'old'
which is not really in fault. For if old age were the cause, I too being old, and
                                     ^~~
Swift.Void:20:18: note: did you mean 'Void'?
public typealias Void = ()
                 ^
server//synchronous-concurrency/swift/input.txt:303:54: error: use of unresolved identifier 'I'
I escaped the thing of which you speak; I feel as if I had escaped from a mad
                                                     ^
server//synchronous-concurrency/swift/input.txt:310:40: error: use of unresolved identifier 'who'
men’s characters and tempers; for he who is of a calm and happy nature will
server//synchronous-concurrency/swift/input.txt:321:24: error: use of unresolved identifier 'his'
he was famous, not for his own merits but because he was an Athenian: ’If you
server//synchronous-concurrency/swift/input.txt:321:28: error: use of unresolved identifier 'own'
he was famous, not for his own merits but because he was an Athenian: ’If you
server//synchronous-concurrency/swift/input.txt:321:32: error: use of unresolved identifier 'merits'
he was famous, not for his own merits but because he was an Athenian: ’If you
server//synchronous-concurrency/swift/input.txt:324:27: error: use of unresolved identifier 'the'
reply may be made; for to the good poor man old age cannot be a light burden,
                          ^~~
server//synchronous-concurrency/swift/input.txt:345:43: error: use of unresolved identifier 'not'
but that of the Thracians was equally, if not more, beautiful. When we had
                                          ^~~
server//synchronous-concurrency/swift/input.txt:349:28: error: use of unresolved identifier 'him'
to run and bid us wait for him. The servant took hold of me by the cloak behind,
                           ^~~
server//synchronous-concurrency/swift/input.txt:349:37: error: use of unresolved identifier 'servant'
to run and bid us wait for him. The servant took hold of me by the cloak behind,
                                    ^~~~~~~
server//synchronous-concurrency/swift/input.txt:349:45: error: use of unresolved identifier 'took'
to run and bid us wait for him. The servant took hold of me by the cloak behind,
                                            ^~~~
Swift.Bool:41:15: note: did you mean 'Bool'?
public struct Bool {
              ^
server//synchronous-concurrency/swift/input.txt:352:51: error: use of unresolved identifier 'you'
There he is, said the youth, coming after you, if you will only wait.
                                                  ^~~
server//synchronous-concurrency/swift/input.txt:361:45: error: use of unresolved identifier 'not'
And are you stronger than all these? for if not, you will have to remain where
                                            ^~~
server//synchronous-concurrency/swift/input.txt:361:50: error: use of unresolved identifier 'you'
And are you stronger than all these? for if not, you will have to remain where
                                                 ^~~
server//synchronous-concurrency/swift/input.txt:363:78: error: use of unresolved identifier 'go'
May there not be the alternative, I said, that we may persuade you to let us go?
                                                                             ^~
server//synchronous-concurrency/swift/input.txt:364:4: error: consecutive statements on a line must be separated by ';'
But can you persuade us, if we refuse to listen to you? he said.
   ^
   ;
server//synchronous-concurrency/swift/input.txt:364:8: error: consecutive statements on a line must be separated by ';'
But can you persuade us, if we refuse to listen to you? he said.
       ^
       ;
server//synchronous-concurrency/swift/input.txt:364:12: error: consecutive statements on a line must be separated by ';'
But can you persuade us, if we refuse to listen to you? he said.
           ^
           ;
server//synchronous-concurrency/swift/input.txt:364:21: error: consecutive statements on a line must be separated by ';'
But can you persuade us, if we refuse to listen to you? he said.
                    ^
                    ;
server//synchronous-concurrency/swift/input.txt:364:24: error: consecutive statements on a line must be separated by ';'
But can you persuade us, if we refuse to listen to you? he said.
                       ^
                       ;
server//synchronous-concurrency/swift/input.txt:364:24: error: expected expression
But can you persuade us, if we refuse to listen to you? he said.
                       ^
server//synchronous-concurrency/swift/input.txt:364:32: error: expected '{' after 'if' condition
But can you persuade us, if we refuse to listen to you? he said.
                               ^
server//synchronous-concurrency/swift/input.txt:364:64: error: expected member name following '.'
But can you persuade us, if we refuse to listen to you? he said.
                                                               ^
server//synchronous-concurrency/swift/input.txt:365:31: error: expected member name following '.'
Certainly not, replied Glaucon.
                              ^
server//synchronous-concurrency/swift/input.txt:366:60: error: expected member name following '.'
Then we are not going to listen; of that you may be assured.
                                                           ^
server//synchronous-concurrency/swift/input.txt:369:42: error: extraneous whitespace after '.' is not permitted
With horses! I replied: That is a novelty. Will horsemen carry torches and pass
                                         ^~
                                          
server//synchronous-concurrency/swift/input.txt:372:33: error: extraneous whitespace after '.' is not permitted
which you certainly ought to see. Let us rise soon after supper and see this
                                ^~
                                 
server//synchronous-concurrency/swift/input.txt:373:79: error: expected member name following '.'
festival; there will be a gathering of young men, and we will have a good talk.
                                                                              ^
server//synchronous-concurrency/swift/input.txt:374:19: error: expected '{' after 'do'
Stay then, and do not be perverse.
                  ^
server//synchronous-concurrency/swift/input.txt:374:34: error: expected member name following '.'
Stay then, and do not be perverse.
                                 ^
server//synchronous-concurrency/swift/input.txt:375:56: error: expected member name following '.'
Glaucon said: I suppose, since you insist, that we must.
                                                       ^
server//synchronous-concurrency/swift/input.txt:376:21: error: expected member name following '.'
Very good, I replied.
                    ^
server//synchronous-concurrency/swift/input.txt:379:65: error: expected member name following '.'
Charmantides the Paeanian, and Cleitophon the son of Aristonymus.
                                                                ^
server//synchronous-concurrency/swift/input.txt:381:44: error: extraneous whitespace after '.' is not permitted
long time, and I thought him very much aged. He was seated on a cushioned
                                           ^~
                                            
server//synchronous-concurrency/swift/input.txt:381:1: error: expected 'in' after for-each pattern
long time, and I thought him very much aged. He was seated on a cushioned
^
server//synchronous-concurrency/swift/input.txt:381:6: error: expected '{' to start the body of for-each loop
long time, and I thought him very much aged. He was seated on a cushioned
     ^
server//synchronous-concurrency/swift/input.txt:381:44: error: extraneous whitespace after '.' is not permitted
long time, and I thought him very much aged. He was seated on a cushioned
                                           ^~
                                            
server//synchronous-concurrency/swift/input.txt:382:46: error: expected 'in' after for-each pattern
chair, and had a garland on his head, for he had been sacrificing in the court;
                                             ^
server//synchronous-concurrency/swift/input.txt:382:50: error: expected '{' to start the body of for-each loop
chair, and had a garland on his head, for he had been sacrificing in the court;
                                                 ^
server//synchronous-concurrency/swift/input.txt:384:25: error: extraneous whitespace after '.' is not permitted
which we sat down by him. He saluted me eagerly, and then he said:–
server//synchronous-concurrency/swift/input.txt:384:67: error: invalid character in source file
which we sat down by him. He saluted me eagerly, and then he said:–
server//synchronous-concurrency/swift/input.txt:384:67: error: invalid character in source file
which we sat down by him. He saluted me eagerly, and then he said:–
server//synchronous-concurrency/swift/input.txt:385:8: error: invalid character in source file
You don’t come to see me, Socrates, as often as you ought: If I were still able to
server//synchronous-concurrency/swift/input.txt:386:49: error: extraneous whitespace after '.' is not permitted
go and see you I would not ask you to come to me. But at my age I can hardly
                                                ^~
                                                 
server//synchronous-concurrency/swift/input.txt:387:70: error: extraneous whitespace after '.' is not permitted
get to the city, and therefore you should come oftener to the Piraeus. For let me
                                                                     ^~
                                                                      
server//synchronous-concurrency/swift/input.txt:387:80: error: type annotation missing in pattern
get to the city, and therefore you should come oftener to the Piraeus. For let me
                                                                               ^
server//synchronous-concurrency/swift/input.txt:364:1: error: use of unresolved identifier 'But'
But can you persuade us, if we refuse to listen to you? he said.
^~~
Swift.Bit:2:13: note: did you mean 'Bit'?
public enum Bit {
            ^
server//synchronous-concurrency/swift/input.txt:364:5: error: use of unresolved identifier 'can'
But can you persuade us, if we refuse to listen to you? he said.
    ^~~
server//synchronous-concurrency/swift/input.txt:364:9: error: use of unresolved identifier 'you'
But can you persuade us, if we refuse to listen to you? he said.
        ^~~
server//synchronous-concurrency/swift/input.txt:364:13: error: use of unresolved identifier 'persuade'
But can you persuade us, if we refuse to listen to you? he said.
            ^~~~~~~~
server//synchronous-concurrency/swift/input.txt:364:29: error: use of unresolved identifier 'we'
But can you persuade us, if we refuse to listen to you? he said.
                            ^~
server//synchronous-concurrency/swift/input.txt:62:80: note: did you mean 'me'?
get to the city, and therefore you should come oftener to the Piraeus. For let me
                                                                               ^
server//synchronous-concurrency/swift/input.txt:170:80: note: did you mean 'me'?
get to the city, and therefore you should come oftener to the Piraeus. For let me
                                                                               ^
server//synchronous-concurrency/swift/input.txt:279:80: note: did you mean 'me'?
get to the city, and therefore you should come oftener to the Piraeus. For let me
                                                                               ^
server//synchronous-concurrency/swift/input.txt:387:80: note: did you mean 'me'?
get to the city, and therefore you should come oftener to the Piraeus. For let me
                                                                               ^
server//synchronous-concurrency/swift/input.txt:381:1: error: use of unresolved identifier 'long'
long time, and I thought him very much aged. He was seated on a cushioned
^~~~
Swift.CLong:2:18: note: did you mean 'CLong'?
public typealias CLong = Int
                 ^
Swift._log:1:13: note: did you mean '_log'?
public func _log(_ x: Float) -> Float
            ^
Swift._log:1:13: note: did you mean '_log'?
public func _log(_ x: Double) -> Double
            ^
server//synchronous-concurrency/swift/input.txt:382:46: error: use of unresolved identifier 'had'
chair, and had a garland on his head, for he had been sacrificing in the court;
                                             ^~~
server//synchronous-concurrency/swift/input.txt:388:5: error: consecutive statements on a line must be separated by ';'
tell you, that the more the pleasures of the body fade away, the greater to me
    ^
    ;
server//synchronous-concurrency/swift/input.txt:388:9: error: consecutive statements on a line must be separated by ';'
tell you, that the more the pleasures of the body fade away, the greater to me
        ^
        ;
server//synchronous-concurrency/swift/input.txt:388:9: error: expected expression
tell you, that the more the pleasures of the body fade away, the greater to me
        ^
server//synchronous-concurrency/swift/input.txt:389:42: error: extraneous whitespace after '.' is not permitted
is the pleasure and charm of conversation. Do not then deny my request, but
                                         ^~
                                          
server//synchronous-concurrency/swift/input.txt:391:51: error: expected member name following '.'
old friends, and you will be quite at home with us.
                                                  ^
server//synchronous-concurrency/swift/input.txt:392:42: error: expected ';' in 'for' statement
I replied: There is nothing which for my part I like better, Cephalus, than conversing
                                         ^
server//synchronous-concurrency/swift/input.txt:392:47: error: expected ';' in 'for' statement
I replied: There is nothing which for my part I like better, Cephalus, than conversing
                                              ^
server//synchronous-concurrency/swift/input.txt:392:49: error: expected '{' in 'for' statement
I replied: There is nothing which for my part I like better, Cephalus, than conversing
                                                ^
server//synchronous-concurrency/swift/input.txt:395:41: error: extraneous whitespace after '.' is not permitted
smooth and easy, or rugged and difficult. And this is a question which I should
                                        ^~
                                         
server//synchronous-concurrency/swift/input.txt:396:75: error: invalid character in source file
like to ask of you who have arrived at that time which the poets call the ’threshold
server//synchronous-concurrency/swift/input.txt:397:11: error: invalid character in source file
of old age’–Is life harder towards the end, or what report do you give
server//synchronous-concurrency/swift/input.txt:397:14: error: invalid character in source file
of old age’–Is life harder towards the end, or what report do you give
server//synchronous-concurrency/swift/input.txt:399:59: error: extraneous whitespace after '.' is not permitted
I will tell you, Socrates, he said, what my own feeling is. Men of my age flock
                                                          ^~
                                                           
server//synchronous-concurrency/swift/input.txt:393:22: error: expected ';' in 'for' statement
with aged men; for I regard them as travellers who have gone a journey
                     ^
server//synchronous-concurrency/swift/input.txt:393:29: error: expected ';' in 'for' statement
with aged men; for I regard them as travellers who have gone a journey
                            ^
server//synchronous-concurrency/swift/input.txt:393:48: error: expected '{' in 'for' statement
with aged men; for I regard them as travellers who have gone a journey
                                               ^
server//synchronous-concurrency/swift/input.txt:395:41: error: extraneous whitespace after '.' is not permitted
smooth and easy, or rugged and difficult. And this is a question which I should
                                        ^~
                                         
server//synchronous-concurrency/swift/input.txt:396:75: error: invalid character in source file
like to ask of you who have arrived at that time which the poets call the ’threshold
server//synchronous-concurrency/swift/input.txt:397:11: error: invalid character in source file
of old age’–Is life harder towards the end, or what report do you give
server//synchronous-concurrency/swift/input.txt:397:14: error: invalid character in source file
of old age’–Is life harder towards the end, or what report do you give
server//synchronous-concurrency/swift/input.txt:397:67: error: expected '{' after 'do'
of old age’–Is life harder towards the end, or what report do you give
server//synchronous-concurrency/swift/input.txt:399:59: error: extraneous whitespace after '.' is not permitted
I will tell you, Socrates, he said, what my own feeling is. Men of my age flock
                                                          ^~
                                                           
server//synchronous-concurrency/swift/input.txt:401:41: error: invalid character in source file
the tale of my acquaintance commonly is –I cannot eat, I cannot drink; the pleasures
server//synchronous-concurrency/swift/input.txt:403:41: error: extraneous whitespace after '.' is not permitted
that is gone, and life is no longer life. Some complain of the slights which are
                                        ^~
                                         
server//synchronous-concurrency/swift/input.txt:405:21: error: extraneous whitespace after '.' is not permitted
old age is the cause. But to me, Socrates, these complainers seem to blame that
                    ^~
                     
server//synchronous-concurrency/swift/input.txt:406:29: error: extraneous whitespace after '.' is not permitted
which is not really in fault. For if old age were the cause, I too being old, and
                            ^~
                             
server//synchronous-concurrency/swift/input.txt:406:42: error: expected '{' after 'if' condition
which is not really in fault. For if old age were the cause, I too being old, and
                                         ^
server//synchronous-concurrency/swift/input.txt:407:48: error: extraneous whitespace after '.' is not permitted
every other old man, would have felt as they do. But this is not my own experience,
                                               ^~
                                                
server//synchronous-concurrency/swift/input.txt:407:48: error: expected '{' after 'do'
every other old man, would have felt as they do. But this is not my own experience,
                                               ^
server//synchronous-concurrency/swift/input.txt:408:37: error: extraneous whitespace after '.' is not permitted
nor that of others whom I have known. How well I remember the aged
                                    ^~
                                     
server//synchronous-concurrency/swift/input.txt:410:11: error: invalid character in source file
Sophocles,–are you still the man you were? Peace, he replied; most gladly have
server//synchronous-concurrency/swift/input.txt:411:56: error: expected '{' after 'if' condition
I escaped the thing of which you speak; I feel as if I had escaped from a mad
                                                       ^
server//synchronous-concurrency/swift/input.txt:412:19: error: extraneous whitespace after '.' is not permitted
and furious master. His words have often occurred to my mind since, and they
                  ^~
                   
server//synchronous-concurrency/swift/input.txt:413:59: error: extraneous whitespace after '.' is not permitted
seem as good to me now as at the time when he uttered them. For certainly old
                                                          ^~
                                                           
server//synchronous-concurrency/swift/input.txt:416:12: error: extraneous whitespace after '.' is not permitted
but of many. The truth is, Socrates, that these regrets, and also the complaints
           ^~
            
server//synchronous-concurrency/swift/input.txt:418:4: error: invalid character in source file
men’s characters and tempers; for he who is of a calm and happy nature will
server//synchronous-concurrency/swift/input.txt:420:35: error: expected member name following '.'
youth and age are equally a burden.
                                  ^
server//synchronous-concurrency/swift/input.txt:418:40: error: expected 'in' after for-each pattern
men’s characters and tempers; for he who is of a calm and happy nature will
server//synchronous-concurrency/swift/input.txt:418:50: error: expected '{' to start the body of for-each loop
men’s characters and tempers; for he who is of a calm and happy nature will
server//synchronous-concurrency/swift/input.txt:420:35: error: expected member name following '.'
youth and age are equally a burden.
                                  ^
server//synchronous-concurrency/swift/input.txt:421:76: error: invalid character in source file
I listened in admiration, and wanting to draw him out, that he might go on –Yes,
server//synchronous-concurrency/swift/input.txt:425:30: error: expected member name following '.'
known to be a great comforter.
                             ^
server//synchronous-concurrency/swift/input.txt:427:53: error: extraneous whitespace after '.' is not permitted
what they say; not, however, so much as they imagine. I might answer them
                                                    ^~
                                                     
server//synchronous-concurrency/swift/input.txt:429:71: error: invalid character in source file
he was famous, not for his own merits but because he was an Athenian: ’If you
server//synchronous-concurrency/swift/input.txt:431:8: error: invalid character in source file
famous.’ And to those who are not rich and are impatient of old age, the same
server//synchronous-concurrency/swift/input.txt:429:28: error: expected ';' in 'for' statement
he was famous, not for his own merits but because he was an Athenian: ’If you
server//synchronous-concurrency/swift/input.txt:429:32: error: expected ';' in 'for' statement
he was famous, not for his own merits but because he was an Athenian: ’If you
server//synchronous-concurrency/swift/input.txt:429:39: error: expected '{' in 'for' statement
he was famous, not for his own merits but because he was an Athenian: ’If you
server//synchronous-concurrency/swift/input.txt:429:71: error: invalid character in source file
he was famous, not for his own merits but because he was an Athenian: ’If you
server//synchronous-concurrency/swift/input.txt:429:71: error: invalid character in source file
he was famous, not for his own merits but because he was an Athenian: ’If you
server//synchronous-concurrency/swift/input.txt:431:8: error: invalid character in source file
famous.’ And to those who are not rich and are impatient of old age, the same
server//synchronous-concurrency/swift/input.txt:433:52: error: expected member name following '.'
nor can a bad rich man ever have peace with himself.
                                                   ^
server//synchronous-concurrency/swift/input.txt:432:27: error: expected ';' in 'for' statement
reply may be made; for to the good poor man old age cannot be a light burden,
                          ^
server//synchronous-concurrency/swift/input.txt:432:31: error: expected ';' in 'for' statement
reply may be made; for to the good poor man old age cannot be a light burden,
                              ^
server//synchronous-concurrency/swift/input.txt:432:36: error: expected '{' in 'for' statement
reply may be made; for to the good poor man old age cannot be a light burden,
                                   ^
server//synchronous-concurrency/swift/input.txt:433:52: error: expected member name following '.'
nor can a bad rich man ever have peace with himself.
                                                   ^
server//synchronous-concurrency/swift/input.txt:388:1: error: use of unresolved identifier 'tell'
tell you, that the more the pleasures of the body fade away, the greater to me
^~~~
server//synchronous-concurrency/swift/input.txt:388:6: error: use of unresolved identifier 'you'
tell you, that the more the pleasures of the body fade away, the greater to me
     ^~~
server//synchronous-concurrency/swift/input.txt:392:39: error: use of unresolved identifier 'my'
I replied: There is nothing which for my part I like better, Cephalus, than conversing
                                      ^~
server//synchronous-concurrency/swift/input.txt:62:80: note: did you mean 'me'?
get to the city, and therefore you should come oftener to the Piraeus. For let me
                                                                               ^
server//synchronous-concurrency/swift/input.txt:170:80: note: did you mean 'me'?
get to the city, and therefore you should come oftener to the Piraeus. For let me
                                                                               ^
server//synchronous-concurrency/swift/input.txt:279:80: note: did you mean 'me'?
get to the city, and therefore you should come oftener to the Piraeus. For let me
                                                                               ^
server//synchronous-concurrency/swift/input.txt:387:80: note: did you mean 'me'?
get to the city, and therefore you should come oftener to the Piraeus. For let me
                                                                               ^
server//synchronous-concurrency/swift/input.txt:392:42: error: use of unresolved identifier 'part'
I replied: There is nothing which for my part I like better, Cephalus, than conversing
                                         ^~~~
server//synchronous-concurrency/swift/input.txt:392:47: error: use of unresolved identifier 'I'
I replied: There is nothing which for my part I like better, Cephalus, than conversing
                                              ^
server//synchronous-concurrency/swift/input.txt:393:20: error: use of unresolved identifier 'I'
with aged men; for I regard them as travellers who have gone a journey
                   ^
server//synchronous-concurrency/swift/input.txt:393:22: error: use of unresolved identifier 'regard'
with aged men; for I regard them as travellers who have gone a journey
                     ^~~~~~
server//synchronous-concurrency/swift/input.txt:393:29: error: use of unresolved identifier 'them'
with aged men; for I regard them as travellers who have gone a journey
                            ^~~~
server//synchronous-concurrency/swift/input.txt:406:38: error: use of unresolved identifier 'old'
which is not really in fault. For if old age were the cause, I too being old, and
                                     ^~~
Swift.Void:20:18: note: did you mean 'Void'?
public typealias Void = ()
                 ^
server//synchronous-concurrency/swift/input.txt:411:54: error: use of unresolved identifier 'I'
I escaped the thing of which you speak; I feel as if I had escaped from a mad
                                                     ^
server//synchronous-concurrency/swift/input.txt:418:40: error: use of unresolved identifier 'who'
men’s characters and tempers; for he who is of a calm and happy nature will
server//synchronous-concurrency/swift/input.txt:429:24: error: use of unresolved identifier 'his'
he was famous, not for his own merits but because he was an Athenian: ’If you
server//synchronous-concurrency/swift/input.txt:429:28: error: use of unresolved identifier 'own'
he was famous, not for his own merits but because he was an Athenian: ’If you
server//synchronous-concurrency/swift/input.txt:429:32: error: use of unresolved identifier 'merits'
he was famous, not for his own merits but because he was an Athenian: ’If you
server//synchronous-concurrency/swift/input.txt:432:24: error: use of unresolved identifier 'to'
reply may be made; for to the good poor man old age cannot be a light burden,
                       ^~
server//synchronous-concurrency/swift/input.txt:432:27: error: use of unresolved identifier 'the'
reply may be made; for to the good poor man old age cannot be a light burden,
                          ^~~
server//synchronous-concurrency/swift/input.txt:432:31: error: use of unresolved identifier 'good'
reply may be made; for to the good poor man old age cannot be a light burden,
                              ^~~~
Swift.Void:20:18: note: did you mean 'Void'?
public typealias Void = ()
                 ^
Swift.Bool:41:15: note: did you mean 'Bool'?
public struct Bool {
              ^

real	0m3.347s
user	0m0.105s
sys	0m0.099s
server//synchronous-concurrency/swift/synchronous-concurrency.swift:8:16: error: use of undeclared type 'Object'
class Printer: Object {
               ^~~~~~
server//synchronous-concurrency/swift/synchronous-concurrency.swift:12:14: error: initializer does not override a designated initializer from its superclass
    override init() {
    ~~~~~~~~ ^
server//synchronous-concurrency/swift/synchronous-concurrency.swift:81:1: error: use of unresolved identifier 'dispatch_async'
dispatch_async(dispatch_get_global_queue(0, 0)) {
^~~~~~~~~~~~~~
server//synchronous-concurrency/swift/synchronous-concurrency.swift:81:16: error: use of unresolved identifier 'dispatch_get_global_queue'
dispatch_async(dispatch_get_global_queue(0, 0)) {
               ^~~~~~~~~~~~~~~~~~~~~~~~~
server//synchronous-concurrency/swift/synchronous-concurrency.swift:13:9: error: 'super' members cannot be referenced in a root class
        super.init()
        ^
server//synchronous-concurrency/swift/synchronous-concurrency.swift:14:9: error: type 'NotificationCenter' has no member 'defaultCenter'
        NotificationCenter.defaultCenter().addObserver(self, selector: "gotLine:",
        ^~~~~~~~~~~~~~~~~~ ~~~~~~~~~~~~~
server//synchronous-concurrency/swift/synchronous-concurrency.swift:16:9: error: type 'NotificationCenter' has no member 'defaultCenter'
        NotificationCenter.defaultCenter().addObserver(self, selector: "lineNumberRequest:",
        ^~~~~~~~~~~~~~~~~~ ~~~~~~~~~~~~~
server//synchronous-concurrency/swift/synchronous-concurrency.swift:21:9: error: type 'NotificationCenter' has no member 'defaultCenter'
        NotificationCenter.defaultCenter().removeObserver(self)
        ^~~~~~~~~~~~~~~~~~ ~~~~~~~~~~~~~
server//synchronous-concurrency/swift/synchronous-concurrency.swift:26:27: error: '++' is unavailable: it has been removed in Swift 3
        self.numberOfLines++
                          ^~
                           += 1
server//synchronous-concurrency/swift/synchronous-concurrency.swift:31:9: error: use of unresolved identifier 'NNotificationCenter'
        NNotificationCenter.defaultCenter().postNotificationName("LinesPrinted", object: self.numberOfLines)
        ^~~~~~~~~~~~~~~~~~~
Foundation.NotificationCenter:1:12: note: did you mean 'NotificationCenter'?
open class NotificationCenter : Foundation.NSObject {
           ^
server//synchronous-concurrency/swift/synchronous-concurrency.swift:47:9: error: use of unresolved identifier 'NSNotificationCenter'
        NSNotificationCenter.defaultCenter().addObserver(self, selector: "linesPrinted:",
        ^~~~~~~~~~~~~~~~~~~~
Foundation.NotificationCenter:1:12: note: did you mean 'NotificationCenter'?
open class NotificationCenter : Foundation.NSObject {
           ^
server//synchronous-concurrency/swift/synchronous-concurrency.swift:52:9: error: use of unresolved identifier 'NSNotificationCenter'
        NSNotificationCenter.defaultCenter().removeObserver(self)
        ^~~~~~~~~~~~~~~~~~~~
Foundation.NotificationCenter:1:12: note: did you mean 'NotificationCenter'?
open class NotificationCenter : Foundation.NSObject {
           ^
server//synchronous-concurrency/swift/synchronous-concurrency.swift:64:26: error: argument labels '(contentsOfFile:, encoding:, error:)' do not match any available overloads
        let fileString = NSString(contentsOfFile: self.inputPath,
                         ^       ~~~~~~~~~~~~~~~~~~~~~~~~~~~~~~~~
server//synchronous-concurrency/swift/synchronous-concurrency.swift:64:26: note: overloads for 'NSString' exist with these partially matching parameter lists: (charactersNoCopy: UnsafeMutablePointer<unichar>, length: Int, freeWhenDone: Bool), (format: String, locale: AnyObject?, arguments: CVaListPointer), (bytes: UnsafeRawPointer, length: Int, encoding: UInt)
        let fileString = NSString(contentsOfFile: self.inputPath,
                         ^
server//synchronous-concurrency/swift/synchronous-concurrency.swift:71:13: error: use of unresolved identifier 'NSNotificationCenter'
            NSNotificationCenter.defaultCenter().postNotificationName("LineNumberRequest", object: nil)
            ^~~~~~~~~~~~~~~~~~~~
Foundation.NotificationCenter:1:12: note: did you mean 'NotificationCenter'?
open class NotificationCenter : Foundation.NSObject {
           ^
server//synchronous-concurrency/swift/synchronous-concurrency.swift:86:1: error: use of unresolved identifier 'dispatch_async'
dispatch_async(dispatch_get_global_queue(0, 0)) {
^~~~~~~~~~~~~~
server//synchronous-concurrency/swift/synchronous-concurrency.swift:86:16: error: use of unresolved identifier 'dispatch_get_global_queue'
dispatch_async(dispatch_get_global_queue(0, 0)) {
               ^~~~~~~~~~~~~~~~~~~~~~~~~
server//synchronous-concurrency/swift/synchronous-concurrency.swift:91:1: error: use of unresolved identifier 'CFRunLoopRun'
CFRunLoopRun()
^~~~~~~~~~~~

real	0m2.105s
user	0m0.581s
sys	0m0.045s
